#
# There is insufficient memory for the Java Runtime Environment to continue.
# Native memory allocation (malloc) failed to allocate 361936 bytes for Chunk::new
# Possible reasons:
#   The system is out of physical RAM or swap space
#   The process is running with CompressedOops enabled, and the Java Heap may be blocking the growth of the native heap
# Possible solutions:
#   Reduce memory load on the system
#   Increase physical memory or swap space
#   Check if swap backing store is full
#   Decrease Java heap size (-Xmx/-Xms)
#   Decrease number of Java threads
#   Decrease Java thread stack sizes (-Xss)
#   Set larger code cache with -XX:ReservedCodeCacheSize=
#   JVM is running with Zero Based Compressed Oops mode in which the Java heap is
#     placed in the first 32GB address space. The Java Heap base address is the
#     maximum limit for the native heap growth. Please use -XX:HeapBaseMinAddress
#     to set the Java Heap base and to place the Java Heap above 32GB virtual address.
# This output file may be truncated or incomplete.
#
#  Out of Memory Error (arena.cpp:189), pid=29244, tid=19000
#
# JRE version: Java(TM) SE Runtime Environment (17.0.7+8) (build 17.0.7+8-LTS-224)
# Java VM: Java HotSpot(TM) 64-Bit Server VM (17.0.7+8-LTS-224, mixed mode, sharing, tiered, compressed oops, compressed class ptrs, g1 gc, windows-amd64)
# No core dump will be written. Minidumps are not enabled by default on client versions of Windows
#

---------------  S U M M A R Y ------------

Command Line: -javaagent:C:\Program Files\JetBrains\IntelliJ IDEA Community Edition 2024.3\lib\idea_rt.jar=64710:C:\Program Files\JetBrains\IntelliJ IDEA Community Edition 2024.3/bin -Dfile.encoding=UTF-8 com.eazybytes.eurekaserver.EurekaserverApplication

Host: Intel(R) Core(TM) i7-4770 CPU @ 3.40GHz, 8 cores, 15G,  Windows 10 , 64 bit Build 19041 (10.0.19041.5198)
Time: Fri Jan 31 15:40:30 2025 India Standard Time elapsed time: 99.049549 seconds (0d 0h 1m 39s)

---------------  T H R E A D  ---------------

Current thread (0x000001a27f821e50):  JavaThread "C2 CompilerThread0" daemon [_thread_in_native, id=19000, stack(0x0000009090100000,0x0000009090200000)]


Current CompileTask:
C2:  99049 6536       4       sun.invoke.util.VerifyAccess::isClassAccessible (230 bytes)

Stack: [0x0000009090100000,0x0000009090200000]
Native frames: (J=compiled Java code, j=interpreted, Vv=VM code, C=native code)
V  [jvm.dll+0x676a4a]
V  [jvm.dll+0x7d74f4]
V  [jvm.dll+0x7d8c9e]
V  [jvm.dll+0x7d9303]
V  [jvm.dll+0x2452c5]
V  [jvm.dll+0xaaa2b]
V  [jvm.dll+0xaafcc]
V  [jvm.dll+0x2aac2f]
V  [jvm.dll+0x57f375]
V  [jvm.dll+0x2205f2]
V  [jvm.dll+0x2209cf]
V  [jvm.dll+0x219926]
V  [jvm.dll+0x216df9]
V  [jvm.dll+0x1a35e0]
V  [jvm.dll+0x226a6e]
V  [jvm.dll+0x224e15]
V  [jvm.dll+0x78d05c]
V  [jvm.dll+0x78759a]
V  [jvm.dll+0x675875]
C  [ucrtbase.dll+0x21bb2]
C  [KERNEL32.DLL+0x17374]
C  [ntdll.dll+0x4cc91]


---------------  P R O C E S S  ---------------

Threads class SMR info:
_java_thread_list=0x000001a211309910, length=36, elements={
0x000001a27f800080, 0x000001a27f800aa0, 0x000001a27f80efe0, 0x000001a27f810ab0,
0x000001a27f813480, 0x000001a27f813d40, 0x000001a27f821e50, 0x000001a27f826760,
0x000001a27f8350b0, 0x000001a27f926980, 0x000001a27fbf82c0, 0x000001a207f1a8b0,
0x000001a20bf3e080, 0x000001a20bf3e550, 0x000001a20bf3ea20, 0x000001a20bf3dbb0,
0x000001a20bf3c870, 0x000001a20bf3ba00, 0x000001a20bf3c3a0, 0x000001a20bf3cd40,
0x000001a20bf3d210, 0x000001a20bf3d6e0, 0x000001a21106c3f0, 0x000001a21106f8e0,
0x000001a21106d730, 0x000001a21106bf20, 0x000001a21106c8c0, 0x000001a21106dc00,
0x000001a21106fdb0, 0x000001a21106e0d0, 0x000001a2110715c0, 0x000001a21106b580,
0x000001a21106e5a0, 0x000001a21106ea70, 0x000001a21106cd90, 0x000001a21106d260
}

Java Threads: ( => current thread )
  0x000001a27f800080 JavaThread "Reference Handler" daemon [_thread_blocked, id=10336, stack(0x000000908fb00000,0x000000908fc00000)]
  0x000001a27f800aa0 JavaThread "Finalizer" daemon [_thread_blocked, id=35000, stack(0x000000908fc00000,0x000000908fd00000)]
  0x000001a27f80efe0 JavaThread "Signal Dispatcher" daemon [_thread_blocked, id=13488, stack(0x000000908fd00000,0x000000908fe00000)]
  0x000001a27f810ab0 JavaThread "Attach Listener" daemon [_thread_blocked, id=20704, stack(0x000000908fe00000,0x000000908ff00000)]
  0x000001a27f813480 JavaThread "Service Thread" daemon [_thread_blocked, id=3872, stack(0x000000908ff00000,0x0000009090000000)]
  0x000001a27f813d40 JavaThread "Monitor Deflation Thread" daemon [_thread_blocked, id=29188, stack(0x0000009090000000,0x0000009090100000)]
=>0x000001a27f821e50 JavaThread "C2 CompilerThread0" daemon [_thread_in_native, id=19000, stack(0x0000009090100000,0x0000009090200000)]
  0x000001a27f826760 JavaThread "C1 CompilerThread0" daemon [_thread_blocked, id=36596, stack(0x0000009090200000,0x0000009090300000)]
  0x000001a27f8350b0 JavaThread "Sweeper thread" daemon [_thread_blocked, id=34812, stack(0x0000009090300000,0x0000009090400000)]
  0x000001a27f926980 JavaThread "Common-Cleaner" daemon [_thread_blocked, id=33168, stack(0x0000009090400000,0x0000009090500000)]
  0x000001a27fbf82c0 JavaThread "Monitor Ctrl-Break" daemon [_thread_in_native, id=19240, stack(0x0000009090600000,0x0000009090700000)]
  0x000001a207f1a8b0 JavaThread "Notification Thread" daemon [_thread_blocked, id=24296, stack(0x0000009090700000,0x0000009090800000)]
  0x000001a20bf3e080 JavaThread "Catalina-utility-1" [_thread_blocked, id=23152, stack(0x0000009091400000,0x0000009091500000)]
  0x000001a20bf3e550 JavaThread "Catalina-utility-2" [_thread_blocked, id=35896, stack(0x0000009091500000,0x0000009091600000)]
  0x000001a20bf3ea20 JavaThread "container-0" [_thread_blocked, id=29208, stack(0x0000009091600000,0x0000009091700000)]
  0x000001a20bf3dbb0 JavaThread "spectator-gauge-polling-0" daemon [_thread_blocked, id=21868, stack(0x0000009091800000,0x0000009091900000)]
  0x000001a20bf3c870 JavaThread "Eureka-DeltaRetentionTimer" daemon [_thread_blocked, id=18020, stack(0x0000009091900000,0x0000009091a00000)]
  0x000001a20bf3ba00 JavaThread "Eureka-EvictionTimer" daemon [_thread_blocked, id=27832, stack(0x0000009091a00000,0x0000009091b00000)]
  0x000001a20bf3c3a0 JavaThread "Eureka-MeasureRateTimer" daemon [_thread_blocked, id=16104, stack(0x0000009091b00000,0x0000009091c00000)]
  0x000001a20bf3cd40 JavaThread "ReplicaAwareInstanceRegistry - RenewalThresholdUpdater" daemon [_thread_blocked, id=30460, stack(0x0000009091c00000,0x0000009091d00000)]
  0x000001a20bf3d210 JavaThread "Eureka-MeasureRateTimer" daemon [_thread_blocked, id=34012, stack(0x0000009091d00000,0x0000009091e00000)]
  0x000001a20bf3d6e0 JavaThread "Eureka-PeerNodesUpdater" daemon [_thread_blocked, id=34000, stack(0x0000009091e00000,0x0000009091f00000)]
  0x000001a21106c3f0 JavaThread "Eureka-CacheFillTimer" daemon [_thread_blocked, id=28364, stack(0x0000009091f00000,0x0000009092000000)]
  0x000001a21106f8e0 JavaThread "http-nio-8070-exec-1" daemon [_thread_blocked, id=35148, stack(0x0000009092000000,0x0000009092100000)]
  0x000001a21106d730 JavaThread "http-nio-8070-exec-2" daemon [_thread_blocked, id=3660, stack(0x0000009092100000,0x0000009092200000)]
  0x000001a21106bf20 JavaThread "http-nio-8070-exec-3" daemon [_thread_blocked, id=8176, stack(0x0000009092200000,0x0000009092300000)]
  0x000001a21106c8c0 JavaThread "http-nio-8070-exec-4" daemon [_thread_blocked, id=10016, stack(0x0000009092300000,0x0000009092400000)]
  0x000001a21106dc00 JavaThread "http-nio-8070-exec-5" daemon [_thread_blocked, id=34660, stack(0x0000009092400000,0x0000009092500000)]
  0x000001a21106fdb0 JavaThread "http-nio-8070-exec-6" daemon [_thread_blocked, id=22848, stack(0x0000009092500000,0x0000009092600000)]
  0x000001a21106e0d0 JavaThread "http-nio-8070-exec-7" daemon [_thread_blocked, id=33892, stack(0x0000009092600000,0x0000009092700000)]
  0x000001a2110715c0 JavaThread "http-nio-8070-exec-8" daemon [_thread_blocked, id=3604, stack(0x0000009092700000,0x0000009092800000)]
  0x000001a21106b580 JavaThread "http-nio-8070-exec-9" daemon [_thread_blocked, id=36024, stack(0x0000009092800000,0x0000009092900000)]
  0x000001a21106e5a0 JavaThread "http-nio-8070-exec-10" daemon [_thread_blocked, id=19684, stack(0x0000009092900000,0x0000009092a00000)]
  0x000001a21106ea70 JavaThread "http-nio-8070-Poller" daemon [_thread_in_native, id=23484, stack(0x0000009092a00000,0x0000009092b00000)]
  0x000001a21106cd90 JavaThread "http-nio-8070-Acceptor" daemon [_thread_in_native, id=10032, stack(0x0000009092b00000,0x0000009092c00000)]
  0x000001a21106d260 JavaThread "DestroyJavaVM" [_thread_blocked, id=18696, stack(0x000000908f400000,0x000000908f500000)]

Other Threads:
  0x000001a27ef990f0 VMThread "VM Thread" [stack: 0x000000908fa00000,0x000000908fb00000] [id=29336]
  0x000001a26424ec60 WatcherThread [stack: 0x0000009090800000,0x0000009090900000] [id=19780]
  0x000001a2642336c0 GCTaskThread "GC Thread#0" [stack: 0x000000908f500000,0x000000908f600000] [id=33812]
  0x000001a2083b7380 GCTaskThread "GC Thread#1" [stack: 0x0000009090900000,0x0000009090a00000] [id=34488]
  0x000001a2083f9760 GCTaskThread "GC Thread#2" [stack: 0x0000009090a00000,0x0000009090b00000] [id=36348]
  0x000001a2083f9e10 GCTaskThread "GC Thread#3" [stack: 0x0000009090b00000,0x0000009090c00000] [id=36380]
  0x000001a2083fa0c0 GCTaskThread "GC Thread#4" [stack: 0x0000009090c00000,0x0000009090d00000] [id=35036]
  0x000001a2082f91d0 GCTaskThread "GC Thread#5" [stack: 0x0000009090d00000,0x0000009090e00000] [id=32868]
  0x000001a2088e18b0 GCTaskThread "GC Thread#6" [stack: 0x0000009090f00000,0x0000009091000000] [id=15724]
  0x000001a20ac96170 GCTaskThread "GC Thread#7" [stack: 0x0000009091200000,0x0000009091300000] [id=20292]
  0x000001a2642451f0 ConcurrentGCThread "G1 Main Marker" [stack: 0x000000908f600000,0x000000908f700000] [id=12156]
  0x000001a264245b10 ConcurrentGCThread "G1 Conc#0" [stack: 0x000000908f700000,0x000000908f800000] [id=35288]
  0x000001a209367820 ConcurrentGCThread "G1 Conc#1" [stack: 0x0000009091100000,0x0000009091200000] [id=21064]
  0x000001a27ee518d0 ConcurrentGCThread "G1 Refine#0" [stack: 0x000000908f800000,0x000000908f900000] [id=21184]
  0x000001a208325160 ConcurrentGCThread "G1 Refine#1" [stack: 0x000000908f300000,0x000000908f400000] [id=36832]
  0x000001a27ee52200 ConcurrentGCThread "G1 Service" [stack: 0x000000908f900000,0x000000908fa00000] [id=34924]

Threads with active compile tasks:
C2 CompilerThread0    99084 6536       4       sun.invoke.util.VerifyAccess::isClassAccessible (230 bytes)

VM state: not at safepoint (normal execution)

VM Mutex/Monitor currently owned by a thread: None

Heap address: 0x0000000703200000, size: 4046 MB, Compressed Oops mode: Zero based, Oop shift amount: 3

CDS archive(s) mapped at: [0x0000000800000000-0x0000000800bd0000-0x0000000800bd0000), size 12386304, SharedBaseAddress: 0x0000000800000000, ArchiveRelocationMode: 0.
Compressed class space mapped at: 0x0000000800c00000-0x0000000840c00000, reserved size: 1073741824
Narrow klass base: 0x0000000800000000, Narrow klass shift: 0, Narrow klass range: 0x100000000

GC Precious Log:
 CPUs: 8 total, 8 available
 Memory: 16179M
 Large Page Support: Disabled
 NUMA Support: Disabled
 Compressed Oops: Enabled (Zero based)
 Heap Region Size: 2M
 Heap Min Capacity: 8M
 Heap Initial Capacity: 254M
 Heap Max Capacity: 4046M
 Pre-touch: Disabled
 Parallel Workers: 8
 Concurrent Workers: 2
 Concurrent Refinement Workers: 8
 Periodic GC: Disabled

Heap:
 garbage-first heap   total 90112K, used 44388K [0x0000000703200000, 0x0000000800000000)
  region size 2048K, 9 young (18432K), 3 survivors (6144K)
 Metaspace       used 56819K, committed 57408K, reserved 1105920K
  class space    used 7610K, committed 7936K, reserved 1048576K

Heap Regions: E=young(eden), S=young(survivor), O=old, HS=humongous(starts), HC=humongous(continues), CS=collection set, F=free, OA=open archive, CA=closed archive, TAMS=top-at-mark-start (previous, next)
|   0|0x0000000703200000, 0x0000000703400000, 0x0000000703400000|100%| O|  |TAMS 0x0000000703400000, 0x0000000703200000| Untracked 
|   1|0x0000000703400000, 0x0000000703600000, 0x0000000703600000|100%| O|  |TAMS 0x0000000703600000, 0x0000000703400000| Untracked 
|   2|0x0000000703600000, 0x0000000703800000, 0x0000000703800000|100%| O|  |TAMS 0x0000000703800000, 0x0000000703600000| Untracked 
|   3|0x0000000703800000, 0x0000000703a00000, 0x0000000703a00000|100%| O|  |TAMS 0x0000000703a00000, 0x0000000703800000| Untracked 
|   4|0x0000000703a00000, 0x0000000703c00000, 0x0000000703c00000|100%| O|  |TAMS 0x0000000703c00000, 0x0000000703a00000| Untracked 
|   5|0x0000000703c00000, 0x0000000703e00000, 0x0000000703e00000|100%| O|  |TAMS 0x0000000703e00000, 0x0000000703c00000| Untracked 
|   6|0x0000000703e00000, 0x0000000704000000, 0x0000000704000000|100%| O|  |TAMS 0x0000000704000000, 0x0000000703e00000| Untracked 
|   7|0x0000000704000000, 0x0000000704200000, 0x0000000704200000|100%| O|  |TAMS 0x0000000704200000, 0x0000000704000000| Untracked 
|   8|0x0000000704200000, 0x0000000704400000, 0x0000000704400000|100%| O|  |TAMS 0x0000000704400000, 0x0000000704200000| Untracked 
|   9|0x0000000704400000, 0x0000000704600000, 0x0000000704600000|100%| O|  |TAMS 0x0000000704600000, 0x0000000704400000| Untracked 
|  10|0x0000000704600000, 0x0000000704800000, 0x0000000704800000|100%| O|  |TAMS 0x0000000704800000, 0x0000000704600000| Untracked 
|  11|0x0000000704800000, 0x0000000704a00000, 0x0000000704a00000|100%| O|  |TAMS 0x0000000704860600, 0x0000000704800000| Untracked 
|  12|0x0000000704a00000, 0x0000000704c00000, 0x0000000704c00000|100%| O|  |TAMS 0x0000000704a00000, 0x0000000704a00000| Untracked 
|  13|0x0000000704c00000, 0x0000000704d59000, 0x0000000704e00000| 67%| O|  |TAMS 0x0000000704c00000, 0x0000000704c00000| Untracked 
|  14|0x0000000704e00000, 0x0000000704e00000, 0x0000000705000000|  0%| F|  |TAMS 0x0000000704e00000, 0x0000000704e00000| Untracked 
|  15|0x0000000705000000, 0x0000000705000000, 0x0000000705200000|  0%| F|  |TAMS 0x0000000705000000, 0x0000000705000000| Untracked 
|  16|0x0000000705200000, 0x0000000705200000, 0x0000000705400000|  0%| F|  |TAMS 0x0000000705200000, 0x0000000705200000| Untracked 
|  17|0x0000000705400000, 0x0000000705400000, 0x0000000705600000|  0%| F|  |TAMS 0x0000000705400000, 0x0000000705400000| Untracked 
|  18|0x0000000705600000, 0x0000000705600000, 0x0000000705800000|  0%| F|  |TAMS 0x0000000705600000, 0x0000000705600000| Untracked 
|  19|0x0000000705800000, 0x0000000705800000, 0x0000000705a00000|  0%| F|  |TAMS 0x0000000705800000, 0x0000000705800000| Untracked 
|  20|0x0000000705a00000, 0x0000000705a00000, 0x0000000705c00000|  0%| F|  |TAMS 0x0000000705a00000, 0x0000000705a00000| Untracked 
|  21|0x0000000705c00000, 0x0000000705e00000, 0x0000000705e00000|100%| S|CS|TAMS 0x0000000705c00000, 0x0000000705c00000| Complete 
|  22|0x0000000705e00000, 0x0000000706000000, 0x0000000706000000|100%| S|CS|TAMS 0x0000000705e00000, 0x0000000705e00000| Complete 
|  23|0x0000000706000000, 0x0000000706000000, 0x0000000706200000|  0%| F|  |TAMS 0x0000000706000000, 0x0000000706000000| Untracked 
|  24|0x0000000706200000, 0x0000000706200000, 0x0000000706400000|  0%| F|  |TAMS 0x0000000706200000, 0x0000000706200000| Untracked 
|  25|0x0000000706400000, 0x0000000706600000, 0x0000000706600000|100%| S|CS|TAMS 0x0000000706400000, 0x0000000706400000| Complete 
|  26|0x0000000706600000, 0x0000000706600000, 0x0000000706800000|  0%| F|  |TAMS 0x0000000706600000, 0x0000000706600000| Untracked 
|  27|0x0000000706800000, 0x0000000706800000, 0x0000000706a00000|  0%| F|  |TAMS 0x0000000706800000, 0x0000000706800000| Untracked 
|  28|0x0000000706a00000, 0x0000000706a00000, 0x0000000706c00000|  0%| F|  |TAMS 0x0000000706a00000, 0x0000000706a00000| Untracked 
|  29|0x0000000706c00000, 0x0000000706c00000, 0x0000000706e00000|  0%| F|  |TAMS 0x0000000706c00000, 0x0000000706c00000| Untracked 
|  30|0x0000000706e00000, 0x0000000706e00000, 0x0000000707000000|  0%| F|  |TAMS 0x0000000706e00000, 0x0000000706e00000| Untracked 
|  31|0x0000000707000000, 0x0000000707000000, 0x0000000707200000|  0%| F|  |TAMS 0x0000000707000000, 0x0000000707000000| Untracked 
|  32|0x0000000707200000, 0x0000000707200000, 0x0000000707400000|  0%| F|  |TAMS 0x0000000707200000, 0x0000000707200000| Untracked 
|  33|0x0000000707400000, 0x0000000707400000, 0x0000000707600000|  0%| F|  |TAMS 0x0000000707400000, 0x0000000707400000| Untracked 
|  34|0x0000000707600000, 0x0000000707600000, 0x0000000707800000|  0%| F|  |TAMS 0x0000000707600000, 0x0000000707600000| Untracked 
|  35|0x0000000707800000, 0x0000000707800000, 0x0000000707a00000|  0%| F|  |TAMS 0x0000000707800000, 0x0000000707800000| Untracked 
|  36|0x0000000707a00000, 0x0000000707a00000, 0x0000000707c00000|  0%| F|  |TAMS 0x0000000707a00000, 0x0000000707a00000| Untracked 
|  37|0x0000000707c00000, 0x0000000707c00000, 0x0000000707e00000|  0%| F|  |TAMS 0x0000000707c00000, 0x0000000707c00000| Untracked 
|  38|0x0000000707e00000, 0x0000000707f960d8, 0x0000000708000000| 79%| E|  |TAMS 0x0000000707e00000, 0x0000000707e00000| Complete 
| 120|0x0000000712200000, 0x0000000712400000, 0x0000000712400000|100%| E|CS|TAMS 0x0000000712200000, 0x0000000712200000| Complete 
| 121|0x0000000712400000, 0x0000000712600000, 0x0000000712600000|100%| E|CS|TAMS 0x0000000712400000, 0x0000000712400000| Complete 
| 122|0x0000000712600000, 0x0000000712800000, 0x0000000712800000|100%| E|CS|TAMS 0x0000000712600000, 0x0000000712600000| Complete 
| 123|0x0000000712800000, 0x0000000712a00000, 0x0000000712a00000|100%| E|CS|TAMS 0x0000000712800000, 0x0000000712800000| Complete 
| 126|0x0000000712e00000, 0x0000000713000000, 0x0000000713000000|100%| E|CS|TAMS 0x0000000712e00000, 0x0000000712e00000| Complete 

Card table byte_map: [0x000001a27b540000,0x000001a27bd30000] _byte_map_base: 0x000001a277d27000

Marking Bits (Prev, Next): (CMBitMap*) 0x000001a264234bf0, (CMBitMap*) 0x000001a264234c30
 Prev Bits: [0x000001a200000000, 0x000001a203f38000)
 Next Bits: [0x000001a203f40000, 0x000001a207e78000)

Polling page: 0x000001a2620e0000

Metaspace:

Usage:
  Non-class:     48.06 MB used.
      Class:      7.43 MB used.
       Both:     55.49 MB used.

Virtual space:
  Non-class space:       56.00 MB reserved,      48.31 MB ( 86%) committed,  7 nodes.
      Class space:        1.00 GB reserved,       7.75 MB ( <1%) committed,  1 nodes.
             Both:        1.05 GB reserved,      56.06 MB (  5%) committed. 

Chunk freelists:
   Non-Class:  2.91 MB
       Class:  176.00 KB
        Both:  3.08 MB

MaxMetaspaceSize: unlimited
CompressedClassSpaceSize: 1.00 GB
Initial GC threshold: 21.00 MB
Current GC threshold: 58.75 MB
CDS: on
MetaspaceReclaimPolicy: balanced
 - commit_granule_bytes: 65536.
 - commit_granule_words: 8192.
 - virtual_space_node_default_size: 1048576.
 - enlarge_chunks_in_place: 1.
 - new_chunks_are_fully_committed: 0.
 - uncommit_free_chunks: 1.
 - use_allocation_guard: 0.
 - handle_deallocations: 1.


Internal statistics:

num_allocs_failed_limit: 6.
num_arena_births: 776.
num_arena_deaths: 0.
num_vsnodes_births: 8.
num_vsnodes_deaths: 0.
num_space_committed: 897.
num_space_uncommitted: 0.
num_chunks_returned_to_freelist: 6.
num_chunks_taken_from_freelist: 2886.
num_chunk_merges: 6.
num_chunk_splits: 1966.
num_chunks_enlarged: 1467.
num_purges: 0.
num_inconsistent_stats: 0.

CodeHeap 'non-profiled nmethods': size=120000Kb used=4593Kb max_used=4593Kb free=115406Kb
 bounds [0x000001a2734f0000, 0x000001a273970000, 0x000001a27aa20000]
CodeHeap 'profiled nmethods': size=120000Kb used=12299Kb max_used=12299Kb free=107700Kb
 bounds [0x000001a26ba20000, 0x000001a26c630000, 0x000001a272f50000]
CodeHeap 'non-nmethods': size=5760Kb used=1297Kb max_used=1392Kb free=4462Kb
 bounds [0x000001a272f50000, 0x000001a2731c0000, 0x000001a2734f0000]
 total_blobs=6424 nmethods=5801 adapters=535
 compilation: enabled
              stopped_count=0, restarted_count=0
 full_count=0

Compilation events (20 events):
Event: 90.397 Thread 0x000001a27f821e50 nmethod 6532 0x000001a27396b510 code [0x000001a27396b6a0, 0x000001a27396b878]
Event: 92.241 Thread 0x000001a27f826760 6533       3       java.util.EventObject::<init> (24 bytes)
Event: 92.242 Thread 0x000001a27f826760 nmethod 6533 0x000001a26c622510 code [0x000001a26c6226c0, 0x000001a26c622988]
Event: 93.396 Thread 0x000001a27f826760 6534       1       org.apache.tomcat.util.net.NioEndpoint$NioSocketWrapper::interestOps (5 bytes)
Event: 93.396 Thread 0x000001a27f826760 nmethod 6534 0x000001a27396b990 code [0x000001a27396bb20, 0x000001a27396bbf8]
Event: 94.986 Thread 0x000001a27f821e50 6535       4       java.util.concurrent.ScheduledThreadPoolExecutor$ScheduledFutureTask::compareTo (101 bytes)
Event: 94.988 Thread 0x000001a27f821e50 nmethod 6535 0x000001a27396bc90 code [0x000001a27396be20, 0x000001a27396bf38]
Event: 99.025 Thread 0x000001a27f821e50 6536       4       sun.invoke.util.VerifyAccess::isClassAccessible (230 bytes)
Event: 99.032 Thread 0x000001a27f826760 6537       1       com.fasterxml.jackson.databind.introspect.AnnotatedParameter::getOwner (5 bytes)
Event: 99.032 Thread 0x000001a27f826760 nmethod 6537 0x000001a27396c090 code [0x000001a27396c220, 0x000001a27396c2f8]
Event: 99.032 Thread 0x000001a27f826760 6538       3       com.fasterxml.jackson.databind.introspect.Annotated::<init> (5 bytes)
Event: 99.032 Thread 0x000001a27f826760 nmethod 6538 0x000001a26c622a90 code [0x000001a26c622c20, 0x000001a26c622d78]
Event: 99.033 Thread 0x000001a27f826760 6539       3       com.fasterxml.jackson.databind.type.TypeFactory::_findWellKnownSimple (86 bytes)
Event: 99.033 Thread 0x000001a27f826760 nmethod 6539 0x000001a26c622e10 code [0x000001a26c623000, 0x000001a26c6234b8]
Event: 99.038 Thread 0x000001a27f826760 6540       1       com.fasterxml.jackson.databind.util.TypeKey::hashCode (5 bytes)
Event: 99.038 Thread 0x000001a27f826760 nmethod 6540 0x000001a27396c390 code [0x000001a27396c520, 0x000001a27396c5f8]
Event: 99.040 Thread 0x000001a27f826760 6541       3       jdk.internal.misc.Unsafe::weakCompareAndSetReference (11 bytes)
Event: 99.040 Thread 0x000001a27f826760 nmethod 6541 0x000001a26c623590 code [0x000001a26c623720, 0x000001a26c623898]
Event: 99.043 Thread 0x000001a27f826760 6542       3       com.fasterxml.jackson.databind.util.internal.PrivateMaxEntriesMap$Node::getValue (11 bytes)
Event: 99.043 Thread 0x000001a27f826760 nmethod 6542 0x000001a26c623910 code [0x000001a26c623aa0, 0x000001a26c623cd8]

GC Heap History (20 events):
Event: 5.765 GC heap before
{Heap before GC invocations=3 (full 0):
 garbage-first heap   total 260096K, used 20462K [0x0000000703200000, 0x0000000800000000)
  region size 2048K, 7 young (14336K), 4 survivors (8192K)
 Metaspace       used 21228K, committed 21504K, reserved 1073152K
  class space    used 2627K, committed 2752K, reserved 1048576K
}
Event: 5.771 GC heap after
{Heap after GC invocations=4 (full 0):
 garbage-first heap   total 260096K, used 16787K [0x0000000703200000, 0x0000000800000000)
  region size 2048K, 4 young (8192K), 4 survivors (8192K)
 Metaspace       used 21228K, committed 21504K, reserved 1073152K
  class space    used 2627K, committed 2752K, reserved 1048576K
}
Event: 6.931 GC heap before
{Heap before GC invocations=5 (full 0):
 garbage-first heap   total 69632K, used 47507K [0x0000000703200000, 0x0000000800000000)
  region size 2048K, 20 young (40960K), 4 survivors (8192K)
 Metaspace       used 24992K, committed 25280K, reserved 1073152K
  class space    used 3062K, committed 3200K, reserved 1048576K
}
Event: 6.943 GC heap after
{Heap after GC invocations=6 (full 0):
 garbage-first heap   total 69632K, used 18373K [0x0000000703200000, 0x0000000800000000)
  region size 2048K, 2 young (4096K), 2 survivors (4096K)
 Metaspace       used 24992K, committed 25280K, reserved 1073152K
  class space    used 3062K, committed 3200K, reserved 1048576K
}
Event: 7.018 GC heap before
{Heap before GC invocations=6 (full 0):
 garbage-first heap   total 69632K, used 20421K [0x0000000703200000, 0x0000000800000000)
  region size 2048K, 3 young (6144K), 2 survivors (4096K)
 Metaspace       used 25026K, committed 25280K, reserved 1073152K
  class space    used 3067K, committed 3200K, reserved 1048576K
}
Event: 7.025 GC heap after
{Heap after GC invocations=7 (full 0):
 garbage-first heap   total 69632K, used 19144K [0x0000000703200000, 0x0000000800000000)
  region size 2048K, 1 young (2048K), 1 survivors (2048K)
 Metaspace       used 25026K, committed 25280K, reserved 1073152K
  class space    used 3067K, committed 3200K, reserved 1048576K
}
Event: 8.117 GC heap before
{Heap before GC invocations=7 (full 0):
 garbage-first heap   total 69632K, used 43720K [0x0000000703200000, 0x0000000800000000)
  region size 2048K, 14 young (28672K), 1 survivors (2048K)
 Metaspace       used 27677K, committed 27968K, reserved 1073152K
  class space    used 3442K, committed 3584K, reserved 1048576K
}
Event: 8.127 GC heap after
{Heap after GC invocations=8 (full 0):
 garbage-first heap   total 69632K, used 20604K [0x0000000703200000, 0x0000000800000000)
  region size 2048K, 2 young (4096K), 2 survivors (4096K)
 Metaspace       used 27677K, committed 27968K, reserved 1073152K
  class space    used 3442K, committed 3584K, reserved 1048576K
}
Event: 9.181 GC heap before
{Heap before GC invocations=8 (full 0):
 garbage-first heap   total 69632K, used 47228K [0x0000000703200000, 0x0000000800000000)
  region size 2048K, 15 young (30720K), 2 survivors (4096K)
 Metaspace       used 32304K, committed 32768K, reserved 1081344K
  class space    used 4080K, committed 4288K, reserved 1048576K
}
Event: 9.195 GC heap after
{Heap after GC invocations=9 (full 0):
 garbage-first heap   total 69632K, used 22924K [0x0000000703200000, 0x0000000800000000)
  region size 2048K, 2 young (4096K), 2 survivors (4096K)
 Metaspace       used 32304K, committed 32768K, reserved 1081344K
  class space    used 4080K, committed 4288K, reserved 1048576K
}
Event: 9.817 GC heap before
{Heap before GC invocations=9 (full 0):
 garbage-first heap   total 69632K, used 47500K [0x0000000703200000, 0x0000000800000000)
  region size 2048K, 14 young (28672K), 2 survivors (4096K)
 Metaspace       used 34733K, committed 35136K, reserved 1081344K
  class space    used 4400K, committed 4608K, reserved 1048576K
}
Event: 9.833 GC heap after
{Heap after GC invocations=10 (full 0):
 garbage-first heap   total 90112K, used 24961K [0x0000000703200000, 0x0000000800000000)
  region size 2048K, 1 young (2048K), 1 survivors (2048K)
 Metaspace       used 34733K, committed 35136K, reserved 1081344K
  class space    used 4400K, committed 4608K, reserved 1048576K
}
Event: 10.110 GC heap before
{Heap before GC invocations=10 (full 0):
 garbage-first heap   total 90112K, used 37249K [0x0000000703200000, 0x0000000800000000)
  region size 2048K, 8 young (16384K), 1 survivors (2048K)
 Metaspace       used 35535K, committed 35968K, reserved 1081344K
  class space    used 4512K, committed 4736K, reserved 1048576K
}
Event: 10.118 GC heap after
{Heap after GC invocations=11 (full 0):
 garbage-first heap   total 90112K, used 24900K [0x0000000703200000, 0x0000000800000000)
  region size 2048K, 1 young (2048K), 1 survivors (2048K)
 Metaspace       used 35535K, committed 35968K, reserved 1081344K
  class space    used 4512K, committed 4736K, reserved 1048576K
}
Event: 11.688 GC heap before
{Heap before GC invocations=12 (full 0):
 garbage-first heap   total 90112K, used 65860K [0x0000000703200000, 0x0000000800000000)
  region size 2048K, 21 young (43008K), 1 survivors (2048K)
 Metaspace       used 42453K, committed 42944K, reserved 1089536K
  class space    used 5524K, committed 5760K, reserved 1048576K
}
Event: 11.703 GC heap after
{Heap after GC invocations=13 (full 0):
 garbage-first heap   total 90112K, used 27810K [0x0000000703200000, 0x0000000800000000)
  region size 2048K, 3 young (6144K), 3 survivors (6144K)
 Metaspace       used 42453K, committed 42944K, reserved 1089536K
  class space    used 5524K, committed 5760K, reserved 1048576K
}
Event: 13.614 GC heap before
{Heap before GC invocations=13 (full 0):
 garbage-first heap   total 90112K, used 66722K [0x0000000703200000, 0x0000000800000000)
  region size 2048K, 22 young (45056K), 3 survivors (6144K)
 Metaspace       used 47954K, committed 48448K, reserved 1097728K
  class space    used 6414K, committed 6656K, reserved 1048576K
}
Event: 13.621 GC heap after
{Heap after GC invocations=14 (full 0):
 garbage-first heap   total 90112K, used 31078K [0x0000000703200000, 0x0000000800000000)
  region size 2048K, 3 young (6144K), 3 survivors (6144K)
 Metaspace       used 47954K, committed 48448K, reserved 1097728K
  class space    used 6414K, committed 6656K, reserved 1048576K
}
Event: 44.730 GC heap before
{Heap before GC invocations=14 (full 0):
 garbage-first heap   total 90112K, used 67942K [0x0000000703200000, 0x0000000800000000)
  region size 2048K, 21 young (43008K), 3 survivors (6144K)
 Metaspace       used 53797K, committed 54336K, reserved 1097728K
  class space    used 7211K, committed 7488K, reserved 1048576K
}
Event: 44.741 GC heap after
{Heap after GC invocations=15 (full 0):
 garbage-first heap   total 90112K, used 34148K [0x0000000703200000, 0x0000000800000000)
  region size 2048K, 3 young (6144K), 3 survivors (6144K)
 Metaspace       used 53797K, committed 54336K, reserved 1097728K
  class space    used 7211K, committed 7488K, reserved 1048576K
}

Deoptimization events (20 events):
Event: 15.348 Thread 0x000001a2641c99c0 Uncommon trap: trap_request=0xffffffbe fr.pc=0x000001a2739017f0 relative=0x00000000000007b0
Event: 15.348 Thread 0x000001a2641c99c0 Uncommon trap: reason=profile_predicate action=maybe_recompile pc=0x000001a2739017f0 method=java.lang.PublicMethods$MethodList.filter([Ljava/lang/reflect/Method;Ljava/lang/String;[Ljava/lang/Class;Z)Ljava/lang/PublicMethods$MethodList; @ 21 c2
Event: 15.348 Thread 0x000001a2641c99c0 DEOPT PACKING pc=0x000001a2739017f0 sp=0x000000908f4fd430
Event: 15.348 Thread 0x000001a2641c99c0 DEOPT UNPACKING pc=0x000001a272fa23a3 sp=0x000000908f4fd3d8 mode 2
Event: 15.353 Thread 0x000001a2641c99c0 Uncommon trap: trap_request=0xfffffff4 fr.pc=0x000001a2736a476c relative=0x0000000000000a2c
Event: 15.353 Thread 0x000001a2641c99c0 Uncommon trap: reason=null_check action=make_not_entrant pc=0x000001a2736a476c method=java.util.AbstractCollection.toArray([Ljava/lang/Object;)[Ljava/lang/Object; @ 116 c2
Event: 15.353 Thread 0x000001a2641c99c0 DEOPT PACKING pc=0x000001a2736a476c sp=0x000000908f4fdbf0
Event: 15.353 Thread 0x000001a2641c99c0 DEOPT UNPACKING pc=0x000001a272fa23a3 sp=0x000000908f4fdbc0 mode 2
Event: 44.762 Thread 0x000001a207f1a8b0 Uncommon trap: trap_request=0xffffff45 fr.pc=0x000001a27378d6d0 relative=0x0000000000000050
Event: 44.762 Thread 0x000001a207f1a8b0 Uncommon trap: reason=unstable_if action=reinterpret pc=0x000001a27378d6d0 method=java.util.stream.StreamOpFlag.fromCharacteristics(Ljava/util/Spliterator;)I @ 10 c2
Event: 44.762 Thread 0x000001a207f1a8b0 DEOPT PACKING pc=0x000001a27378d6d0 sp=0x00000090907fea70
Event: 44.762 Thread 0x000001a207f1a8b0 DEOPT UNPACKING pc=0x000001a272fa23a3 sp=0x00000090907fea00 mode 2
Event: 79.618 Thread 0x000001a21106f8e0 Uncommon trap: trap_request=0xffffff45 fr.pc=0x000001a2735546bc relative=0x000000000000019c
Event: 79.618 Thread 0x000001a21106f8e0 Uncommon trap: reason=unstable_if action=reinterpret pc=0x000001a2735546bc method=java.util.regex.Pattern$BmpCharProperty.match(Ljava/util/regex/Matcher;ILjava/lang/CharSequence;)Z @ 39 c2
Event: 79.618 Thread 0x000001a21106f8e0 DEOPT PACKING pc=0x000001a2735546bc sp=0x00000090920fd130
Event: 79.618 Thread 0x000001a21106f8e0 DEOPT UNPACKING pc=0x000001a272fa23a3 sp=0x00000090920fd0e0 mode 2
Event: 79.671 Thread 0x000001a21106f8e0 Uncommon trap: trap_request=0xffffff45 fr.pc=0x000001a27391e0b8 relative=0x0000000000000038
Event: 79.671 Thread 0x000001a21106f8e0 Uncommon trap: reason=unstable_if action=reinterpret pc=0x000001a27391e0b8 method=java.util.IdentityHashMap.maskNull(Ljava/lang/Object;)Ljava/lang/Object; @ 1 c2
Event: 79.672 Thread 0x000001a21106f8e0 DEOPT PACKING pc=0x000001a27391e0b8 sp=0x00000090920fb650
Event: 79.672 Thread 0x000001a21106f8e0 DEOPT UNPACKING pc=0x000001a272fa23a3 sp=0x00000090920fb5f0 mode 2

Classes unloaded (0 events):
No events

Classes redefined (0 events):
No events

Internal exceptions (20 events):
Event: 12.676 Thread 0x000001a2641c99c0 Exception <a 'java/lang/IncompatibleClassChangeError'{0x00000007075e8568}: Found class java.lang.Object, but interface was expected> (0x00000007075e8568) 
thrown [s\open\src\hotspot\share\interpreter\linkResolver.cpp, line 826]
Event: 12.907 Thread 0x000001a2641c99c0 Exception <a 'java/lang/NoSuchMethodError'{0x00000007071fa5a8}: 'int java.lang.invoke.DirectMethodHandle$Holder.invokeStatic(java.lang.Object)'> (0x00000007071fa5a8) 
thrown [s\open\src\hotspot\share\interpreter\linkResolver.cpp, line 759]
Event: 12.907 Thread 0x000001a2641c99c0 Exception <a 'java/lang/NoSuchMethodError'{0x00000007071fdc50}: 'int java.lang.invoke.DirectMethodHandle$Holder.invokeStaticInit(java.lang.Object)'> (0x00000007071fdc50) 
thrown [s\open\src\hotspot\share\interpreter\linkResolver.cpp, line 759]
Event: 13.007 Thread 0x000001a2641c99c0 Exception <a 'java/lang/NoSuchMethodError'{0x0000000706fd4130}: 'void java.lang.invoke.DirectMethodHandle$Holder.invokeVirtual(java.lang.Object, java.lang.Object, long)'> (0x0000000706fd4130) 
thrown [s\open\src\hotspot\share\interpreter\linkResolver.cpp, line 759]
Event: 13.109 Thread 0x000001a2641c99c0 Exception <a 'java/lang/NoSuchMethodError'{0x0000000706a39a38}: 'int java.lang.invoke.DirectMethodHandle$Holder.invokeStaticInit(java.lang.Object, java.lang.Object, java.lang.Object, java.lang.Object)'> (0x0000000706a39a38) 
thrown [s\open\src\hotspot\share\interpreter\linkResolver.cpp, line 759]
Event: 13.121 Thread 0x000001a2641c99c0 Implicit null exception at 0x000001a2737b43ff to 0x000001a2737b47e8
Event: 13.189 Thread 0x000001a2641c99c0 Exception <a 'java/lang/NoSuchMethodError'{0x00000007068711d0}: 'java.lang.Object java.lang.invoke.DirectMethodHandle$Holder.invokeInterface(java.lang.Object, java.lang.Object, java.lang.Object, java.lang.Object)'> (0x00000007068711d0) 
thrown [s\open\src\hotspot\share\interpreter\linkResolver.cpp, line 759]
Event: 13.250 Thread 0x000001a2641c99c0 Exception <a 'java/lang/NoSuchMethodError'{0x0000000706999260}: 'java.lang.Object java.lang.invoke.DirectMethodHandle$Holder.newInvokeSpecial(java.lang.Object, java.lang.Object, java.lang.Object, java.lang.Object, java.lang.Object, java.lang.Object, java.lang.Object, java.lang.Object, java.lang.Object)'> (0x0000000706999260) 
thrown [s\open\src\hotspot\share\interpreter\linkResolver.cpp, line 759]
Event: 13.250 Thread 0x000001a2641c99c0 Exception <a 'java/lang/NoSuchMethodError'{0x000000070699df58}: 'java.lang.Object java.lang.invoke.Invokers$Holder.linkToTargetMethod(java.lang.Object, java.lang.Object, java.lang.Object, java.lang.Object, java.lang.Object, java.lang.Object, java.lang.Object, java.lang.Object, java.lang.Object)'> (0x000000070699df58) 
thrown [s\open\src\hotspot\share\interpreter\linkResolver.cpp, line 759]
Event: 13.904 Thread 0x000001a2641c99c0 Exception <a 'java/lang/NoSuchMethodError'{0x00000007125dfb70}: 'double java.lang.invoke.DirectMethodHandle$Holder.invokeStatic(java.lang.Object, java.lang.Object)'> (0x00000007125dfb70) 
thrown [s\open\src\hotspot\share\interpreter\linkResolver.cpp, line 759]
Event: 14.640 Thread 0x000001a2641c99c0 Exception <a 'java/lang/NoSuchMethodError'{0x0000000707214f00}: 'double java.lang.invoke.DirectMethodHandle$Holder.invokeVirtual(java.lang.Object, java.lang.Object)'> (0x0000000707214f00) 
thrown [s\open\src\hotspot\share\interpreter\linkResolver.cpp, line 759]
Event: 14.883 Thread 0x000001a2641c99c0 Exception <a 'java/lang/NoSuchMethodError'{0x0000000706c83030}: 'void java.lang.invoke.DirectMethodHandle$Holder.invokeStatic(java.lang.Object, java.lang.Object, double)'> (0x0000000706c83030) 
thrown [s\open\src\hotspot\share\interpreter\linkResolver.cpp, line 759]
Event: 14.901 Thread 0x000001a2641c99c0 Exception <a 'java/lang/NoSuchMethodError'{0x0000000706cde598}: 'double java.lang.invoke.DirectMethodHandle$Holder.invokeStatic(java.lang.Object, java.lang.Object, java.lang.Object)'> (0x0000000706cde598) 
thrown [s\open\src\hotspot\share\interpreter\linkResolver.cpp, line 759]
Event: 14.924 Thread 0x000001a2641c99c0 Exception <a 'java/lang/NoSuchMethodError'{0x0000000706d5f3d8}: 'java.lang.Object java.lang.invoke.DirectMethodHandle$Holder.newInvokeSpecial(java.lang.Object, java.lang.Object, int, java.lang.Object, java.lang.Object)'> (0x0000000706d5f3d8) 
thrown [s\open\src\hotspot\share\interpreter\linkResolver.cpp, line 759]
Event: 15.318 Thread 0x000001a2641c99c0 Exception <a 'java/lang/IncompatibleClassChangeError'{0x00000007069453b0}: Found class java.lang.Object, but interface was expected> (0x00000007069453b0) 
thrown [s\open\src\hotspot\share\interpreter\linkResolver.cpp, line 826]
Event: 15.353 Thread 0x000001a2641c99c0 Implicit null exception at 0x000001a2736a3f83 to 0x000001a2736a4758
Event: 44.764 Thread 0x000001a207f1a8b0 Exception <a 'java/lang/NoSuchMethodError'{0x0000000712e19168}: 'long java.lang.invoke.DirectMethodHandle$Holder.invokeStatic(java.lang.Object, java.lang.Object, java.lang.Object)'> (0x0000000712e19168) 
thrown [s\open\src\hotspot\share\interpreter\linkResolver.cpp, line 759]
Event: 79.494 Thread 0x000001a21106f8e0 Exception <a 'java/lang/NoSuchMethodError'{0x000000071296b208}: 'java.lang.Object java.lang.invoke.DirectMethodHandle$Holder.invokeSpecial(java.lang.Object, java.lang.Object, java.lang.Object, java.lang.Object, java.lang.Object, long)'> (0x000000071296b208) 
thrown [s\open\src\hotspot\share\interpreter\linkResolver.cpp, line 759]
Event: 79.495 Thread 0x000001a21106f8e0 Exception <a 'java/lang/NoSuchMethodError'{0x000000071296ec48}: 'java.lang.Object java.lang.invoke.Invokers$Holder.linkToTargetMethod(java.lang.Object, java.lang.Object, java.lang.Object, long, java.lang.Object)'> (0x000000071296ec48) 
thrown [s\open\src\hotspot\share\interpreter\linkResolver.cpp, line 759]
Event: 79.688 Thread 0x000001a21106f8e0 Exception <a 'java/lang/NoSuchMethodError'{0x0000000712597f20}: 'java.lang.Object java.lang.invoke.DirectMethodHandle$Holder.invokeStaticInit(java.lang.Object, int)'> (0x0000000712597f20) 
thrown [s\open\src\hotspot\share\interpreter\linkResolver.cpp, line 759]

VM Operations (20 events):
Event: 75.785 Executing VM operation: Cleanup
Event: 75.786 Executing VM operation: Cleanup done
Event: 76.786 Executing VM operation: Cleanup
Event: 76.786 Executing VM operation: Cleanup done
Event: 79.507 Executing VM operation: HandshakeAllThreads
Event: 79.507 Executing VM operation: HandshakeAllThreads done
Event: 79.507 Executing VM operation: Cleanup
Event: 79.507 Executing VM operation: Cleanup done
Event: 79.518 Executing VM operation: HandshakeAllThreads
Event: 79.518 Executing VM operation: HandshakeAllThreads done
Event: 79.640 Executing VM operation: HandshakeAllThreads
Event: 79.640 Executing VM operation: HandshakeAllThreads done
Event: 79.710 Executing VM operation: HandshakeAllThreads
Event: 79.710 Executing VM operation: HandshakeAllThreads done
Event: 79.711 Executing VM operation: HandshakeAllThreads
Event: 79.711 Executing VM operation: HandshakeAllThreads done
Event: 80.712 Executing VM operation: Cleanup
Event: 80.712 Executing VM operation: Cleanup done
Event: 84.714 Executing VM operation: Cleanup
Event: 84.714 Executing VM operation: Cleanup done

Events (20 events):
Event: 79.584 loading class java/util/concurrent/CompletableFuture$Completion
Event: 79.584 loading class java/util/concurrent/CompletableFuture$AsynchronousCompletionTask
Event: 79.584 loading class java/util/concurrent/CompletableFuture$AsynchronousCompletionTask done
Event: 79.584 loading class java/util/concurrent/CompletableFuture$Completion done
Event: 79.653 loading class java/util/concurrent/CancellationException
Event: 79.653 loading class java/util/concurrent/CancellationException done
Event: 79.673 loading class java/util/zip/GZIPOutputStream
Event: 79.673 loading class java/util/zip/DeflaterOutputStream
Event: 79.673 loading class java/util/zip/DeflaterOutputStream done
Event: 79.673 loading class java/util/zip/GZIPOutputStream done
Event: 79.673 loading class java/util/zip/Deflater
Event: 79.675 loading class java/util/zip/Deflater done
Event: 79.677 loading class java/util/zip/Deflater$DeflaterZStreamRef
Event: 79.677 loading class java/util/zip/Deflater$DeflaterZStreamRef done
Event: 79.716 loading class java/util/ArrayDeque$DescendingIterator
Event: 79.716 loading class java/util/ArrayDeque$DescendingIterator done
Event: 80.202 loading class java/util/PrimitiveIterator$OfInt
Event: 80.204 loading class java/util/PrimitiveIterator
Event: 80.206 loading class java/util/PrimitiveIterator done
Event: 80.206 loading class java/util/PrimitiveIterator$OfInt done


Dynamic libraries:
0x00007ff713070000 - 0x00007ff713080000 	C:\Program Files\Java\jdk-17\bin\java.exe
0x00007fff3b4b0000 - 0x00007fff3b6a8000 	C:\Windows\SYSTEM32\ntdll.dll
0x00007fff39890000 - 0x00007fff39952000 	C:\Windows\System32\KERNEL32.DLL
0x00007fff38ff0000 - 0x00007fff392ef000 	C:\Windows\System32\KERNELBASE.dll
0x000000005c620000 - 0x000000005c6be000 	C:\ProgramData\Symantec\Symantec Endpoint Protection\14.3.10148.8000.105\Data\Sysfer\x64\sysfer.dll
0x00007fff392f0000 - 0x00007fff393f0000 	C:\Windows\System32\ucrtbase.dll
0x00007fff35430000 - 0x00007fff35449000 	C:\Program Files\Java\jdk-17\bin\jli.dll
0x00007fff35410000 - 0x00007fff3542b000 	C:\Program Files\Java\jdk-17\bin\VCRUNTIME140.dll
0x00007fff3b010000 - 0x00007fff3b0c1000 	C:\Windows\System32\ADVAPI32.dll
0x00007fff39960000 - 0x00007fff399fe000 	C:\Windows\System32\msvcrt.dll
0x00007fff3a9a0000 - 0x00007fff3aa3f000 	C:\Windows\System32\sechost.dll
0x00007fff3b0d0000 - 0x00007fff3b1f3000 	C:\Windows\System32\RPCRT4.dll
0x00007fff39490000 - 0x00007fff394b7000 	C:\Windows\System32\bcrypt.dll
0x00007fff3a640000 - 0x00007fff3a7dd000 	C:\Windows\System32\USER32.dll
0x00007fff38f30000 - 0x00007fff38f52000 	C:\Windows\System32\win32u.dll
0x00007fff3a910000 - 0x00007fff3a93b000 	C:\Windows\System32\GDI32.dll
0x00007fff24490000 - 0x00007fff2472a000 	C:\Windows\WinSxS\amd64_microsoft.windows.common-controls_6595b64144ccf1df_6.0.19041.4355_none_60b8b9eb71f62e16\COMCTL32.dll
0x00007fff38bb0000 - 0x00007fff38cc7000 	C:\Windows\System32\gdi32full.dll
0x00007fff393f0000 - 0x00007fff3948d000 	C:\Windows\System32\msvcp_win.dll
0x00007fff30710000 - 0x00007fff3071a000 	C:\Windows\SYSTEM32\VERSION.dll
0x00007fff3aa40000 - 0x00007fff3aa6f000 	C:\Windows\System32\IMM32.DLL
0x00007fff35460000 - 0x00007fff3546c000 	C:\Program Files\Java\jdk-17\bin\vcruntime140_1.dll
0x00007fff1b730000 - 0x00007fff1b7be000 	C:\Program Files\Java\jdk-17\bin\msvcp140.dll
0x00007fff1e4f0000 - 0x00007fff1f0cd000 	C:\Program Files\Java\jdk-17\bin\server\jvm.dll
0x00007fff39820000 - 0x00007fff39828000 	C:\Windows\System32\PSAPI.DLL
0x00007fff1dc10000 - 0x00007fff1dc19000 	C:\Windows\SYSTEM32\WSOCK32.dll
0x00007fff39a00000 - 0x00007fff39a6b000 	C:\Windows\System32\WS2_32.dll
0x00007fff2db40000 - 0x00007fff2db67000 	C:\Windows\SYSTEM32\WINMM.dll
0x00007fff367c0000 - 0x00007fff367d2000 	C:\Windows\SYSTEM32\kernel.appcore.dll
0x00007fff1f6b0000 - 0x00007fff1f6ba000 	C:\Program Files\Java\jdk-17\bin\jimage.dll
0x00007fff20f00000 - 0x00007fff210e4000 	C:\Windows\SYSTEM32\DBGHELP.DLL
0x00007fff1fb00000 - 0x00007fff1fb34000 	C:\Windows\SYSTEM32\dbgcore.DLL
0x00007fff38f60000 - 0x00007fff38fe2000 	C:\Windows\System32\bcryptPrimitives.dll
0x00007fff313c0000 - 0x00007fff313ce000 	C:\Program Files\Java\jdk-17\bin\instrument.dll
0x00007fff1d2f0000 - 0x00007fff1d315000 	C:\Program Files\Java\jdk-17\bin\java.dll
0x00007fff1abf0000 - 0x00007fff1acc7000 	C:\Program Files\Java\jdk-17\bin\jsvml.dll
0x00007fff39ec0000 - 0x00007fff3a62e000 	C:\Windows\System32\SHELL32.dll
0x00007fff369c0000 - 0x00007fff37164000 	C:\Windows\SYSTEM32\windows.storage.dll
0x00007fff394c0000 - 0x00007fff39815000 	C:\Windows\System32\combase.dll
0x00007fff38490000 - 0x00007fff384bf000 	C:\Windows\SYSTEM32\Wldp.dll
0x00007fff39c10000 - 0x00007fff39cdd000 	C:\Windows\System32\OLEAUT32.dll
0x00007fff3a860000 - 0x00007fff3a90d000 	C:\Windows\System32\SHCORE.dll
0x00007fff39a70000 - 0x00007fff39ac5000 	C:\Windows\System32\shlwapi.dll
0x00007fff38a70000 - 0x00007fff38a94000 	C:\Windows\SYSTEM32\profapi.dll
0x00007fff1ab40000 - 0x00007fff1ab58000 	C:\Program Files\Java\jdk-17\bin\zip.dll
0x00007fff1ae20000 - 0x00007fff1ae39000 	C:\Program Files\Java\jdk-17\bin\net.dll
0x00007fff32500000 - 0x00007fff3260d000 	C:\Windows\SYSTEM32\WINHTTP.dll
0x00007fff38270000 - 0x00007fff382da000 	C:\Windows\system32\mswsock.dll
0x00007fff1ad10000 - 0x00007fff1ad26000 	C:\Program Files\Java\jdk-17\bin\nio.dll
0x00007fff37f70000 - 0x00007fff3803a000 	C:\Windows\SYSTEM32\DNSAPI.dll
0x00007fff37f20000 - 0x00007fff37f5b000 	C:\Windows\SYSTEM32\IPHLPAPI.DLL
0x00007fff3b2b0000 - 0x00007fff3b2b8000 	C:\Windows\System32\NSI.dll
0x00007fff313b0000 - 0x00007fff313ba000 	C:\Windows\System32\rasadhlp.dll
0x00007fff33460000 - 0x00007fff334e0000 	C:\Windows\System32\fwpuclnt.dll
0x00007fff335c0000 - 0x00007fff335d7000 	C:\Windows\SYSTEM32\dhcpcsvc6.DLL
0x00007fff335a0000 - 0x00007fff335bd000 	C:\Windows\SYSTEM32\dhcpcsvc.DLL
0x00007fff0b370000 - 0x00007fff0b37d000 	C:\Program Files\Java\jdk-17\bin\sunmscapi.dll
0x00007fff38cd0000 - 0x00007fff38e2c000 	C:\Windows\System32\CRYPT32.dll
0x00007fff385e0000 - 0x00007fff38607000 	C:\Windows\SYSTEM32\ncrypt.dll
0x00007fff385a0000 - 0x00007fff385db000 	C:\Windows\SYSTEM32\NTASN1.dll
0x00007fff384d0000 - 0x00007fff384e8000 	C:\Windows\SYSTEM32\CRYPTSP.dll
0x00007fff37b40000 - 0x00007fff37b74000 	C:\Windows\system32\rsaenh.dll
0x00007fff38a30000 - 0x00007fff38a5e000 	C:\Windows\SYSTEM32\USERENV.dll
0x00007fff38400000 - 0x00007fff3840c000 	C:\Windows\SYSTEM32\CRYPTBASE.dll
0x00007fff19640000 - 0x00007fff1964a000 	C:\Program Files\Java\jdk-17\bin\management.dll
0x00007fff19630000 - 0x00007fff1963b000 	C:\Program Files\Java\jdk-17\bin\management_ext.dll
0x00007fff2f0d0000 - 0x00007fff2f0e0000 	C:\Program Files\Java\jdk-17\bin\verify.dll
0x00007fff10aa0000 - 0x00007fff10aa7000 	C:\Windows\system32\wshunix.dll

dbghelp: loaded successfully - version: 4.0.5 - missing functions: none
symbol engine: initialized successfully - sym options: 0x614 - pdb path: .;C:\Program Files\Java\jdk-17\bin;C:\Windows\SYSTEM32;C:\ProgramData\Symantec\Symantec Endpoint Protection\14.3.10148.8000.105\Data\Sysfer\x64;C:\Windows\WinSxS\amd64_microsoft.windows.common-controls_6595b64144ccf1df_6.0.19041.4355_none_60b8b9eb71f62e16;C:\Program Files\Java\jdk-17\bin\server

VM Arguments:
jvm_args: -javaagent:C:\Program Files\JetBrains\IntelliJ IDEA Community Edition 2024.3\lib\idea_rt.jar=64710:C:\Program Files\JetBrains\IntelliJ IDEA Community Edition 2024.3/bin -Dfile.encoding=UTF-8 
java_command: com.eazybytes.eurekaserver.EurekaserverApplication
java_class_path (initial): C:\Users\meets\section7\eurekaserver\target\classes;C:\Users\meets\.m2\repository\org\springframework\boot\spring-boot-starter-actuator\3.4.2\spring-boot-starter-actuator-3.4.2.jar;C:\Users\meets\.m2\repository\org\springframework\boot\spring-boot-starter\3.4.2\spring-boot-starter-3.4.2.jar;C:\Users\meets\.m2\repository\org\springframework\boot\spring-boot\3.4.2\spring-boot-3.4.2.jar;C:\Users\meets\.m2\repository\org\springframework\spring-context\6.2.2\spring-context-6.2.2.jar;C:\Users\meets\.m2\repository\org\springframework\spring-aop\6.2.2\spring-aop-6.2.2.jar;C:\Users\meets\.m2\repository\org\springframework\spring-expression\6.2.2\spring-expression-6.2.2.jar;C:\Users\meets\.m2\repository\org\springframework\boot\spring-boot-autoconfigure\3.4.2\spring-boot-autoconfigure-3.4.2.jar;C:\Users\meets\.m2\repository\org\springframework\boot\spring-boot-starter-logging\3.4.2\spring-boot-starter-logging-3.4.2.jar;C:\Users\meets\.m2\repository\ch\qos\logback\logback-classic\1.5.16\logback-classic-1.5.16.jar;C:\Users\meets\.m2\repository\ch\qos\logback\logback-core\1.5.16\logback-core-1.5.16.jar;C:\Users\meets\.m2\repository\org\apache\logging\log4j\log4j-to-slf4j\2.24.3\log4j-to-slf4j-2.24.3.jar;C:\Users\meets\.m2\repository\org\apache\logging\log4j\log4j-api\2.24.3\log4j-api-2.24.3.jar;C:\Users\meets\.m2\repository\org\slf4j\jul-to-slf4j\2.0.16\jul-to-slf4j-2.0.16.jar;C:\Users\meets\.m2\repository\jakarta\annotation\jakarta.annotation-api\2.1.1\jakarta.annotation-api-2.1.1.jar;C:\Users\meets\.m2\repository\org\yaml\snakeyaml\2.3\snakeyaml-2.3.jar;C:\Users\meets\.m2\repository\org\springframework\boot\spring-boot-actuator-autoconfigure\3.4.2\spring-boot-actuator-autoconfigure-3.4.2.jar;C:\Users\meets\.m2\repository\org\springframework\boot\spring-boot-actuator\3.4.2\spring-boot-actuator-3.4.2.jar;C:\Users\meets\.m2\repository\com\fasterxml\jackson\datatype\jackson-datatype-jsr310\2.18.2\jackson-datatype-jsr310-2.18.2.jar;C:\Users\meets\.m2\re
Launcher Type: SUN_STANDARD

[Global flags]
     intx CICompilerCount                          = 4                                         {product} {ergonomic}
     uint ConcGCThreads                            = 2                                         {product} {ergonomic}
     uint G1ConcRefinementThreads                  = 8                                         {product} {ergonomic}
   size_t G1HeapRegionSize                         = 2097152                                   {product} {ergonomic}
    uintx GCDrainStackTargetSize                   = 64                                        {product} {ergonomic}
   size_t InitialHeapSize                          = 266338304                                 {product} {ergonomic}
   size_t MarkStackSize                            = 4194304                                   {product} {ergonomic}
   size_t MaxHeapSize                              = 4242538496                                {product} {ergonomic}
   size_t MaxNewSize                               = 2543845376                                {product} {ergonomic}
   size_t MinHeapDeltaBytes                        = 2097152                                   {product} {ergonomic}
   size_t MinHeapSize                              = 8388608                                   {product} {ergonomic}
    uintx NonNMethodCodeHeapSize                   = 5839372                                {pd product} {ergonomic}
    uintx NonProfiledCodeHeapSize                  = 122909434                              {pd product} {ergonomic}
    uintx ProfiledCodeHeapSize                     = 122909434                              {pd product} {ergonomic}
    uintx ReservedCodeCacheSize                    = 251658240                              {pd product} {ergonomic}
     bool SegmentedCodeCache                       = true                                      {product} {ergonomic}
   size_t SoftMaxHeapSize                          = 4242538496                             {manageable} {ergonomic}
     bool UseCompressedClassPointers               = true                           {product lp64_product} {ergonomic}
     bool UseCompressedOops                        = true                           {product lp64_product} {ergonomic}
     bool UseG1GC                                  = true                                      {product} {ergonomic}
     bool UseLargePagesIndividualAllocation        = false                                  {pd product} {ergonomic}

Logging:
Log output configuration:
 #0: stdout all=warning uptime,level,tags
 #1: stderr all=off uptime,level,tags

Environment Variables:
JAVA_HOME=C:\Program Files\Java\jdk-17
PATH=C:\Python311\Scripts\;C:\Python311\;C:\Program Files\Eclipse Adoptium\jdk-17.0.13.11-hotspot\bin;C:\Windows\system32;C:\Windows;C:\Windows\System32\Wbem;C:\Windows\System32\WindowsPowerShell\v1.0\;C:\Windows\System32\OpenSSH\;C:\Program Files\TortoiseGit\bin;C:\Program Files\PostgreSQL\14\bin;C:\Users\sachint\AppData\Roaming\nvm;C:\Program Files\nodejs;C:\Program Files\nodejs\;C:\Program Files\dotnet\;C:\Program Files\apache-maven-3.9.9\bin;;C:\Program Files\Docker\Docker\resources\bin;C:\Program Files\Java\jdk-17;C:\Windows\system32;C:\Windows;C:\Windows\System32\Wbem;C:\Windows\System32\WindowsPowerShell\v1.0\;C:\Windows\System32\OpenSSH\;C:\Program Files\TortoiseGit\bin;C:\Program Files\nodejs\;C:\Program Files\nodejs;C:\Users\meets\AppData\Local\Microsoft\WindowsApps;C:\Users\meets\AppData\Local\Programs\Git\cmd;C:\Users\meets\AppData\Local\Programs\Microsoft VS Code\bin;C:\Users\meets\AppData\Roaming\npm;;C:\Program Files\JetBrains\IntelliJ IDEA Community Edition 2024.3\bin;
USERNAME=meets
OS=Windows_NT
PROCESSOR_IDENTIFIER=Intel64 Family 6 Model 60 Stepping 3, GenuineIntel



---------------  S Y S T E M  ---------------

OS:
 Windows 10 , 64 bit Build 19041 (10.0.19041.5198)
OS uptime: 0 days 22:03 hours
Hyper-V role detected

CPU: total 8 (initial active 8) (4 cores per cpu, 2 threads per core) family 6 model 60 stepping 3 microcode 0x27, cx8, cmov, fxsr, ht, mmx, sse, sse2, sse3, ssse3, sse4.1, sse4.2, popcnt, lzcnt, tsc, tscinvbit, avx, avx2, aes, erms, clmul, bmi1, bmi2, fma, vzeroupper, clflush, hv

Memory: 4k page, system-wide physical 16179M (561M free)
TotalPageFile size 35257M (AvailPageFile size 3M)
current process WorkingSet (physical memory assigned to process): 238M, peak: 324M
current process commit charge ("private bytes"): 278M, peak: 429M

vm_info: Java HotSpot(TM) 64-Bit Server VM (17.0.7+8-LTS-224) for windows-amd64 JRE (17.0.7+8-LTS-224), built on Feb 28 2023 23:03:02 by "mach5one" with MS VC++ 17.1 (VS2022)

END.
