#
# There is insufficient memory for the Java Runtime Environment to continue.
# Native memory allocation (mmap) failed to map 6291456 bytes for G1 virtual space
# Possible reasons:
#   The system is out of physical RAM or swap space
#   The process is running with CompressedOops enabled, and the Java Heap may be blocking the growth of the native heap
# Possible solutions:
#   Reduce memory load on the system
#   Increase physical memory or swap space
#   Check if swap backing store is full
#   Decrease Java heap size (-Xmx/-Xms)
#   Decrease number of Java threads
#   Decrease Java thread stack sizes (-Xss)
#   Set larger code cache with -XX:ReservedCodeCacheSize=
#   JVM is running with Zero Based Compressed Oops mode in which the Java heap is
#     placed in the first 32GB address space. The Java Heap base address is the
#     maximum limit for the native heap growth. Please use -XX:HeapBaseMinAddress
#     to set the Java Heap base and to place the Java Heap above 32GB virtual address.
# This output file may be truncated or incomplete.
#
#  Out of Memory Error (os_windows.cpp:3550), pid=35104, tid=25276
#
# JRE version: Java(TM) SE Runtime Environment (17.0.7+8) (build 17.0.7+8-LTS-224)
# Java VM: Java HotSpot(TM) 64-Bit Server VM (17.0.7+8-LTS-224, mixed mode, sharing, tiered, compressed oops, compressed class ptrs, g1 gc, windows-amd64)
# No core dump will be written. Minidumps are not enabled by default on client versions of Windows
#

---------------  S U M M A R Y ------------

Command Line: -javaagent:C:\Program Files\JetBrains\IntelliJ IDEA Community Edition 2024.3\lib\idea_rt.jar=50071:C:\Program Files\JetBrains\IntelliJ IDEA Community Edition 2024.3/bin -Dfile.encoding=UTF-8 com.eazybytes.cards.CardsApplication

Host: Intel(R) Core(TM) i7-4770 CPU @ 3.40GHz, 8 cores, 15G,  Windows 10 , 64 bit Build 19041 (10.0.19041.5198)
Time: Fri Jan 31 15:40:10 2025 India Standard Time elapsed time: 58.916792 seconds (0d 0h 0m 58s)

---------------  T H R E A D  ---------------

Current thread (0x000002617d1ba870):  VMThread "VM Thread" [stack: 0x000000b997100000,0x000000b997200000] [id=25276]

Stack: [0x000000b997100000,0x000000b997200000]
Native frames: (J=compiled Java code, j=interpreted, Vv=VM code, C=native code)
V  [jvm.dll+0x676a4a]
V  [jvm.dll+0x7d74f4]
V  [jvm.dll+0x7d8c9e]
V  [jvm.dll+0x7d9303]
V  [jvm.dll+0x2452c5]
V  [jvm.dll+0x6738f9]
V  [jvm.dll+0x668232]
V  [jvm.dll+0x302826]
V  [jvm.dll+0x309da6]
V  [jvm.dll+0x35952e]
V  [jvm.dll+0x35975f]
V  [jvm.dll+0x2d9a38]
V  [jvm.dll+0x2dcad6]
V  [jvm.dll+0x2e72d8]
V  [jvm.dll+0x31ad30]
V  [jvm.dll+0x7ddb0b]
V  [jvm.dll+0x7de844]
V  [jvm.dll+0x7ded5d]
V  [jvm.dll+0x7df134]
V  [jvm.dll+0x7df200]
V  [jvm.dll+0x78759a]
V  [jvm.dll+0x675875]
C  [ucrtbase.dll+0x21bb2]
C  [KERNEL32.DLL+0x17374]
C  [ntdll.dll+0x4cc91]

VM_Operation (0x000000b996dffb20): G1Concurrent, mode: safepoint, requested by thread 0x000002615a5e89e0


---------------  P R O C E S S  ---------------

Threads class SMR info:
_java_thread_list=0x000002610374f1e0, length=23, elements={
0x000002615a56d0e0, 0x000002617d1c0380, 0x000002617d1c1100, 0x000002617d1d3880,
0x000002617d1d7260, 0x000002617d1d7b20, 0x000002617d1da3f0, 0x000002617d1e5e20,
0x000002617d1ee7e0, 0x000002617d1fc130, 0x000002617cd6b0d0, 0x000002617e639580,
0x000002617e6530e0, 0x000002617f7b3780, 0x000002610190c960, 0x0000026101908fa0,
0x000002610190b620, 0x000002610190b150, 0x000002610190a2e0, 0x00000261061a8ac0,
0x0000026101909470, 0x000002610190a7b0, 0x000002610190bfc0
}

Java Threads: ( => current thread )
  0x000002615a56d0e0 JavaThread "main" [_thread_blocked, id=35764, stack(0x000000b996b00000,0x000000b996c00000)]
  0x000002617d1c0380 JavaThread "Reference Handler" daemon [_thread_blocked, id=23068, stack(0x000000b997200000,0x000000b997300000)]
  0x000002617d1c1100 JavaThread "Finalizer" daemon [_thread_blocked, id=24956, stack(0x000000b997300000,0x000000b997400000)]
  0x000002617d1d3880 JavaThread "Signal Dispatcher" daemon [_thread_blocked, id=26144, stack(0x000000b997400000,0x000000b997500000)]
  0x000002617d1d7260 JavaThread "Attach Listener" daemon [_thread_blocked, id=34612, stack(0x000000b997500000,0x000000b997600000)]
  0x000002617d1d7b20 JavaThread "Service Thread" daemon [_thread_blocked, id=29604, stack(0x000000b997600000,0x000000b997700000)]
  0x000002617d1da3f0 JavaThread "Monitor Deflation Thread" daemon [_thread_blocked, id=32812, stack(0x000000b997700000,0x000000b997800000)]
  0x000002617d1e5e20 JavaThread "C2 CompilerThread0" daemon [_thread_blocked, id=21600, stack(0x000000b997800000,0x000000b997900000)]
  0x000002617d1ee7e0 JavaThread "C1 CompilerThread0" daemon [_thread_blocked, id=31196, stack(0x000000b997900000,0x000000b997a00000)]
  0x000002617d1fc130 JavaThread "Sweeper thread" daemon [_thread_blocked, id=28420, stack(0x000000b997a00000,0x000000b997b00000)]
  0x000002617cd6b0d0 JavaThread "Common-Cleaner" daemon [_thread_blocked, id=36236, stack(0x000000b997b00000,0x000000b997c00000)]
  0x000002617e639580 JavaThread "Monitor Ctrl-Break" daemon [_thread_in_native, id=36400, stack(0x000000b997d00000,0x000000b997e00000)]
  0x000002617e6530e0 JavaThread "Notification Thread" daemon [_thread_blocked, id=30056, stack(0x000000b997e00000,0x000000b997f00000)]
  0x000002617f7b3780 JavaThread "Keep-Alive-Timer" daemon [_thread_blocked, id=36696, stack(0x000000b998000000,0x000000b998100000)]
  0x000002610190c960 JavaThread "Catalina-utility-1" [_thread_blocked, id=26920, stack(0x000000b998900000,0x000000b998a00000)]
  0x0000026101908fa0 JavaThread "Catalina-utility-2" [_thread_blocked, id=35504, stack(0x000000b998c00000,0x000000b998d00000)]
  0x000002610190b620 JavaThread "container-0" [_thread_blocked, id=35124, stack(0x000000b998d00000,0x000000b998e00000)]
  0x000002610190b150 JavaThread "mysql-cj-abandoned-connection-cleanup" daemon [_thread_blocked, id=28240, stack(0x000000b998e00000,0x000000b998f00000)]
  0x000002610190a2e0 JavaThread "HikariPool-1 housekeeper" daemon [_thread_blocked, id=34140, stack(0x000000b996800000,0x000000b996900000)]
  0x00000261061a8ac0 JavaThread "C2 CompilerThread1" daemon [_thread_blocked, id=25056, stack(0x000000b996900000,0x000000b996a00000)]
  0x0000026101909470 JavaThread "spring.cloud.inetutils" daemon [_thread_blocked, id=3064, stack(0x000000b998800000,0x000000b998900000)]
  0x000002610190a7b0 JavaThread "spectator-gauge-polling-0" daemon [_thread_blocked, id=22336, stack(0x000000b998f00000,0x000000b999000000)]
  0x000002610190bfc0 JavaThread "AsyncResolver-bootstrap-%d" daemon [_thread_blocked, id=10736, stack(0x000000b999000000,0x000000b999100000)]

Other Threads:
=>0x000002617d1ba870 VMThread "VM Thread" [stack: 0x000000b997100000,0x000000b997200000] [id=25276]
  0x000002615a5f2380 WatcherThread [stack: 0x000000b997f00000,0x000000b998000000] [id=25216]
  0x000002615a5d6eb0 GCTaskThread "GC Thread#0" [stack: 0x000000b996c00000,0x000000b996d00000] [id=35576]
  0x000002617e7f9570 GCTaskThread "GC Thread#1" [stack: 0x000000b998100000,0x000000b998200000] [id=5296]
  0x000002617f0f45f0 GCTaskThread "GC Thread#2" [stack: 0x000000b998200000,0x000000b998300000] [id=24856]
  0x000002617f0f48a0 GCTaskThread "GC Thread#3" [stack: 0x000000b998300000,0x000000b998400000] [id=35560]
  0x000002617f0f4b50 GCTaskThread "GC Thread#4" [stack: 0x000000b998400000,0x000000b998500000] [id=33428]
  0x000002617f0f4e00 GCTaskThread "GC Thread#5" [stack: 0x000000b998500000,0x000000b998600000] [id=34908]
  0x000002617f250860 GCTaskThread "GC Thread#6" [stack: 0x000000b997c00000,0x000000b997d00000] [id=16836]
  0x0000026100a15b60 GCTaskThread "GC Thread#7" [stack: 0x000000b998a00000,0x000000b998b00000] [id=17420]
  0x000002615a5e89e0 ConcurrentGCThread "G1 Main Marker" [stack: 0x000000b996d00000,0x000000b996e00000] [id=35916]
  0x000002615a5e9e70 ConcurrentGCThread "G1 Conc#0" [stack: 0x000000b996e00000,0x000000b996f00000] [id=30776]
  0x0000026100a14b40 ConcurrentGCThread "G1 Conc#1" [stack: 0x000000b998b00000,0x000000b998c00000] [id=35676]
  0x000002615a5fec90 ConcurrentGCThread "G1 Refine#0" [stack: 0x000000b996f00000,0x000000b997000000] [id=35972]
  0x000002617cc30a70 ConcurrentGCThread "G1 Service" [stack: 0x000000b997000000,0x000000b997100000] [id=7340]

Threads with active compile tasks:
C2 CompilerThread0    59250 7892   !   4       org.springframework.boot.context.properties.source.SpringIterableConfigurationPropertySource$Mappings::updateMappings (46 bytes)
C2 CompilerThread1    59250 7889       4       org.springframework.boot.context.properties.source.SpringIterableConfigurationPropertySource::getConfigurationProperty (94 bytes)

VM state: at safepoint (normal execution)

VM Mutex/Monitor currently owned by a thread:  ([mutex/lock_event])
[0x000002615a56a380] Threads_lock - owner thread: 0x000002617d1ba870
[0x000002615a569210] Heap_lock - owner thread: 0x000002615a5e89e0

Heap address: 0x0000000703200000, size: 4046 MB, Compressed Oops mode: Zero based, Oop shift amount: 3

CDS archive(s) mapped at: [0x0000000800000000-0x0000000800bd0000-0x0000000800bd0000), size 12386304, SharedBaseAddress: 0x0000000800000000, ArchiveRelocationMode: 0.
Compressed class space mapped at: 0x0000000800c00000-0x0000000840c00000, reserved size: 1073741824
Narrow klass base: 0x0000000800000000, Narrow klass shift: 0, Narrow klass range: 0x100000000

GC Precious Log:
 CPUs: 8 total, 8 available
 Memory: 16179M
 Large Page Support: Disabled
 NUMA Support: Disabled
 Compressed Oops: Enabled (Zero based)
 Heap Region Size: 2M
 Heap Min Capacity: 8M
 Heap Initial Capacity: 254M
 Heap Max Capacity: 4046M
 Pre-touch: Disabled
 Parallel Workers: 8
 Concurrent Workers: 2
 Concurrent Refinement Workers: 8
 Periodic GC: Disabled

Heap:
 garbage-first heap   total 96256K, used 57588K [0x0000000703200000, 0x0000000800000000)
  region size 2048K, 3 young (6144K), 2 survivors (4096K)
 Metaspace       used 89120K, committed 89728K, reserved 1130496K
  class space    used 12319K, committed 12608K, reserved 1048576K

Heap Regions: E=young(eden), S=young(survivor), O=old, HS=humongous(starts), HC=humongous(continues), CS=collection set, F=free, OA=open archive, CA=closed archive, TAMS=top-at-mark-start (previous, next)
|   0|0x0000000703200000, 0x0000000703400000, 0x0000000703400000|100%| O|  |TAMS 0x0000000703400000, 0x0000000703200000| Untracked 
|   1|0x0000000703400000, 0x0000000703600000, 0x0000000703600000|100%| O|  |TAMS 0x0000000703600000, 0x0000000703400000| Untracked 
|   2|0x0000000703600000, 0x0000000703800000, 0x0000000703800000|100%| O|  |TAMS 0x0000000703800000, 0x0000000703600000| Untracked 
|   3|0x0000000703800000, 0x0000000703a00000, 0x0000000703a00000|100%| O|  |TAMS 0x0000000703a00000, 0x0000000703800000| Untracked 
|   4|0x0000000703a00000, 0x0000000703c00000, 0x0000000703c00000|100%| O|  |TAMS 0x0000000703c00000, 0x0000000703a00000| Updating 
|   5|0x0000000703c00000, 0x0000000703e00000, 0x0000000703e00000|100%| O|  |TAMS 0x0000000703e00000, 0x0000000703c00000| Untracked 
|   6|0x0000000703e00000, 0x0000000704000000, 0x0000000704000000|100%| O|  |TAMS 0x0000000704000000, 0x0000000703e00000| Untracked 
|   7|0x0000000704000000, 0x0000000704200000, 0x0000000704200000|100%| O|  |TAMS 0x0000000704200000, 0x0000000704000000| Updating 
|   8|0x0000000704200000, 0x0000000704400000, 0x0000000704400000|100%| O|  |TAMS 0x0000000704400000, 0x0000000704200000| Untracked 
|   9|0x0000000704400000, 0x0000000704600000, 0x0000000704600000|100%| O|  |TAMS 0x0000000704600000, 0x0000000704400000| Untracked 
|  10|0x0000000704600000, 0x0000000704800000, 0x0000000704800000|100%| O|  |TAMS 0x0000000704800000, 0x0000000704600000| Untracked 
|  11|0x0000000704800000, 0x0000000704a00000, 0x0000000704a00000|100%| O|  |TAMS 0x0000000704a00000, 0x0000000704800000| Updating 
|  12|0x0000000704a00000, 0x0000000704c00000, 0x0000000704c00000|100%| O|  |TAMS 0x0000000704c00000, 0x0000000704a00000| Updating 
|  13|0x0000000704c00000, 0x0000000704ddc000, 0x0000000704e00000| 92%| O|  |TAMS 0x0000000704ddc000, 0x0000000704c00000| Updating 
|  14|0x0000000704e00000, 0x0000000705000000, 0x0000000705000000|100%| O|  |TAMS 0x0000000705000000, 0x0000000704e00000| Updating 
|  15|0x0000000705000000, 0x0000000705200000, 0x0000000705200000|100%| O|  |TAMS 0x0000000705200000, 0x0000000705000000| Updating 
|  16|0x0000000705200000, 0x0000000705400000, 0x0000000705400000|100%| O|  |TAMS 0x0000000705400000, 0x0000000705200000| Untracked 
|  17|0x0000000705400000, 0x0000000705600000, 0x0000000705600000|100%| O|  |TAMS 0x0000000705600000, 0x0000000705400000| Untracked 
|  18|0x0000000705600000, 0x0000000705800000, 0x0000000705800000|100%| O|  |TAMS 0x0000000705800000, 0x0000000705600000| Untracked 
|  19|0x0000000705800000, 0x0000000705a00000, 0x0000000705a00000|100%| O|  |TAMS 0x0000000705a00000, 0x0000000705800000| Updating 
|  20|0x0000000705a00000, 0x0000000705c00000, 0x0000000705c00000|100%| O|  |TAMS 0x0000000705c00000, 0x0000000705a00000| Updating 
|  21|0x0000000705c00000, 0x0000000705e00000, 0x0000000705e00000|100%| O|  |TAMS 0x0000000705e00000, 0x0000000705c00000| Updating 
|  22|0x0000000705e00000, 0x0000000706000000, 0x0000000706000000|100%| O|  |TAMS 0x0000000706000000, 0x0000000705e00000| Updating 
|  23|0x0000000706000000, 0x0000000706200000, 0x0000000706200000|100%| O|  |TAMS 0x0000000706200000, 0x0000000706000000| Untracked 
|  24|0x0000000706200000, 0x0000000706400000, 0x0000000706400000|100%| O|  |TAMS 0x0000000706400000, 0x0000000706200000| Updating 
|  25|0x0000000706400000, 0x0000000706600000, 0x0000000706600000|100%| O|  |TAMS 0x0000000706544e00, 0x0000000706400000| Untracked 
|  26|0x0000000706600000, 0x0000000706698a00, 0x0000000706800000| 29%| O|  |TAMS 0x0000000706600000, 0x0000000706600000| Updating 
|  27|0x0000000706800000, 0x0000000706800000, 0x0000000706a00000|  0%| F|  |TAMS 0x0000000706800000, 0x0000000706800000| Untracked 
|  28|0x0000000706a00000, 0x0000000706a00000, 0x0000000706c00000|  0%| F|  |TAMS 0x0000000706a00000, 0x0000000706a00000| Untracked 
|  29|0x0000000706c00000, 0x0000000706c00000, 0x0000000706e00000|  0%| F|  |TAMS 0x0000000706c00000, 0x0000000706c00000| Untracked 
|  30|0x0000000706e00000, 0x0000000706e00000, 0x0000000707000000|  0%| F|  |TAMS 0x0000000706e00000, 0x0000000706e00000| Untracked 
|  31|0x0000000707000000, 0x0000000707000000, 0x0000000707200000|  0%| F|  |TAMS 0x0000000707000000, 0x0000000707000000| Untracked 
|  32|0x0000000707200000, 0x0000000707200000, 0x0000000707400000|  0%| F|  |TAMS 0x0000000707200000, 0x0000000707200000| Untracked 
|  33|0x0000000707400000, 0x0000000707400000, 0x0000000707600000|  0%| F|  |TAMS 0x0000000707400000, 0x0000000707400000| Untracked 
|  34|0x0000000707600000, 0x00000007077c8860, 0x0000000707800000| 89%| S|CS|TAMS 0x0000000707600000, 0x0000000707600000| Complete 
|  35|0x0000000707800000, 0x0000000707a00000, 0x0000000707a00000|100%| S|CS|TAMS 0x0000000707800000, 0x0000000707800000| Complete 
|  36|0x0000000707a00000, 0x0000000707a00000, 0x0000000707c00000|  0%| F|  |TAMS 0x0000000707a00000, 0x0000000707a00000| Untracked 
|  37|0x0000000707c00000, 0x0000000707c00000, 0x0000000707e00000|  0%| F|  |TAMS 0x0000000707c00000, 0x0000000707c00000| Untracked 
|  38|0x0000000707e00000, 0x0000000707e00000, 0x0000000708000000|  0%| F|  |TAMS 0x0000000707e00000, 0x0000000707e00000| Untracked 
|  39|0x0000000708000000, 0x0000000708000000, 0x0000000708200000|  0%| F|  |TAMS 0x0000000708000000, 0x0000000708000000| Untracked 
|  40|0x0000000708200000, 0x0000000708200000, 0x0000000708400000|  0%| F|  |TAMS 0x0000000708200000, 0x0000000708200000| Untracked 
|  41|0x0000000708400000, 0x0000000708400000, 0x0000000708600000|  0%| F|  |TAMS 0x0000000708400000, 0x0000000708400000| Untracked 
|  42|0x0000000708600000, 0x0000000708600000, 0x0000000708800000|  0%| F|  |TAMS 0x0000000708600000, 0x0000000708600000| Untracked 
|  55|0x000000070a000000, 0x000000070a000000, 0x000000070a200000|  0%| F|  |TAMS 0x000000070a000000, 0x000000070a000000| Untracked 
|  56|0x000000070a200000, 0x000000070a200000, 0x000000070a400000|  0%| F|  |TAMS 0x000000070a200000, 0x000000070a200000| Untracked 
|  57|0x000000070a400000, 0x000000070a400000, 0x000000070a600000|  0%| F|  |TAMS 0x000000070a400000, 0x000000070a400000| Untracked 
| 126|0x0000000712e00000, 0x0000000712f510e8, 0x0000000713000000| 65%| E|  |TAMS 0x0000000712e00000, 0x0000000712e00000| Complete 

Card table byte_map: [0x00000261718d0000,0x00000261720c0000] _byte_map_base: 0x000002616e0b7000

Marking Bits (Prev, Next): (CMBitMap*) 0x000002615a5d83e0, (CMBitMap*) 0x000002615a5d8420
 Prev Bits: [0x00000261728b0000, 0x00000261767e8000)
 Next Bits: [0x00000261767f0000, 0x000002617a728000)

Polling page: 0x0000026158490000

Metaspace:

Usage:
  Non-class:     75.00 MB used.
      Class:     12.03 MB used.
       Both:     87.03 MB used.

Virtual space:
  Non-class space:       80.00 MB reserved,      75.31 MB ( 94%) committed,  10 nodes.
      Class space:        1.00 GB reserved,      12.31 MB (  1%) committed,  1 nodes.
             Both:        1.08 GB reserved,      87.62 MB (  8%) committed. 

Chunk freelists:
   Non-Class:  272.00 KB
       Class:  3.55 MB
        Both:  3.81 MB

MaxMetaspaceSize: unlimited
CompressedClassSpaceSize: 1.00 GB
Initial GC threshold: 21.00 MB
Current GC threshold: 140.44 MB
CDS: on
MetaspaceReclaimPolicy: balanced
 - commit_granule_bytes: 65536.
 - commit_granule_words: 8192.
 - virtual_space_node_default_size: 1048576.
 - enlarge_chunks_in_place: 1.
 - new_chunks_are_fully_committed: 0.
 - uncommit_free_chunks: 1.
 - use_allocation_guard: 0.
 - handle_deallocations: 1.


Internal statistics:

num_allocs_failed_limit: 11.
num_arena_births: 848.
num_arena_deaths: 0.
num_vsnodes_births: 11.
num_vsnodes_deaths: 0.
num_space_committed: 1402.
num_space_uncommitted: 0.
num_chunks_returned_to_freelist: 11.
num_chunks_taken_from_freelist: 4068.
num_chunk_merges: 11.
num_chunk_splits: 2975.
num_chunks_enlarged: 2376.
num_purges: 0.
num_inconsistent_stats: 0.

CodeHeap 'non-profiled nmethods': size=120000Kb used=6596Kb max_used=6596Kb free=113403Kb
 bounds [0x0000026169880000, 0x0000026169f00000, 0x0000026170db0000]
CodeHeap 'profiled nmethods': size=120000Kb used=14038Kb max_used=14038Kb free=105961Kb
 bounds [0x0000026161db0000, 0x0000026162b70000, 0x00000261692e0000]
CodeHeap 'non-nmethods': size=5760Kb used=1379Kb max_used=1426Kb free=4381Kb
 bounds [0x00000261692e0000, 0x0000026169550000, 0x0000026169880000]
 total_blobs=7617 nmethods=6898 adapters=631
 compilation: enabled
              stopped_count=0, restarted_count=0
 full_count=0

Compilation events (20 events):
Event: 58.836 Thread 0x000002617d1ee7e0 8097       1       javax.management.openmbean.CompositeDataSupport::getCompositeType (5 bytes)
Event: 58.836 Thread 0x000002617d1ee7e0 nmethod 8097 0x0000026169ef0790 code [0x0000026169ef0920, 0x0000026169ef09f8]
Event: 58.836 Thread 0x000002617d1ee7e0 8098       3       javax.management.openmbean.CompositeDataSupport::get (73 bytes)
Event: 58.837 Thread 0x000002617d1ee7e0 nmethod 8098 0x0000026162b60490 code [0x0000026162b60780, 0x0000026162b615f8]
Event: 58.837 Thread 0x000002617d1ee7e0 8099       1       com.fasterxml.jackson.datatype.jsr310.JavaTimeFeature::getMask (5 bytes)
Event: 58.837 Thread 0x000002617d1ee7e0 nmethod 8099 0x0000026169ef0a90 code [0x0000026169ef0c20, 0x0000026169ef0cf8]
Event: 58.843 Thread 0x000002617d1ee7e0 8100       3       javax.management.openmbean.SimpleType::isValue (21 bytes)
Event: 58.845 Thread 0x000002617d1ee7e0 nmethod 8100 0x0000026162b61a10 code [0x0000026162b61be0, 0x0000026162b61f58]
Event: 58.846 Thread 0x000002617d1ee7e0 8101       3       sun.management.LazyCompositeData::getLong (28 bytes)
Event: 58.847 Thread 0x000002617d1ee7e0 nmethod 8101 0x0000026162b62090 code [0x0000026162b62260, 0x0000026162b62638]
Event: 58.871 Thread 0x000002617d1ee7e0 8103       2       ch.qos.logback.classic.Logger::callTurboFilters (14 bytes)
Event: 58.871 Thread 0x000002617d1ee7e0 nmethod 8103 0x0000026162b62790 code [0x0000026162b62940, 0x0000026162b62a88]
Event: 58.880 Thread 0x000002617d1ee7e0 8104       1       io.micrometer.core.instrument.distribution.DistributionStatisticConfig::access$400 (5 bytes)
Event: 58.880 Thread 0x000002617d1ee7e0 nmethod 8104 0x0000026169ef0d90 code [0x0000026169ef0f20, 0x0000026169ef0fd8]
Event: 58.897 Thread 0x000002617d1ee7e0 8105       3       java.lang.reflect.ProxyGenerator::generateConstructor (72 bytes)
Event: 58.898 Thread 0x000002617d1ee7e0 nmethod 8105 0x0000026162b62b90 code [0x0000026162b62dc0, 0x0000026162b635a8]
Event: 58.898 Thread 0x000002617d1ee7e0 8106       3       java.lang.reflect.ProxyGenerator::generateLookupAccessor (214 bytes)
Event: 58.899 Thread 0x000002617d1ee7e0 nmethod 8106 0x0000026162b63710 code [0x0000026162b63a40, 0x0000026162b64f28]
Event: 58.899 Thread 0x000002617d1ee7e0 8107       3       java.lang.invoke.VarHandleReferences$FieldInstanceReadWrite::setRelease (35 bytes)
Event: 58.900 Thread 0x000002617d1ee7e0 nmethod 8107 0x0000026162b65290 code [0x0000026162b654c0, 0x0000026162b65d78]

GC Heap History (20 events):
Event: 47.065 GC heap before
{Heap before GC invocations=18 (full 0):
 garbage-first heap   total 96256K, used 76088K [0x0000000703200000, 0x0000000800000000)
  region size 2048K, 22 young (45056K), 3 survivors (6144K)
 Metaspace       used 76392K, committed 76864K, reserved 1122304K
  class space    used 10385K, committed 10624K, reserved 1048576K
}
Event: 47.073 GC heap after
{Heap after GC invocations=19 (full 0):
 garbage-first heap   total 96256K, used 39439K [0x0000000703200000, 0x0000000800000000)
  region size 2048K, 3 young (6144K), 3 survivors (6144K)
 Metaspace       used 76392K, committed 76864K, reserved 1122304K
  class space    used 10385K, committed 10624K, reserved 1048576K
}
Event: 48.204 GC heap before
{Heap before GC invocations=19 (full 0):
 garbage-first heap   total 96256K, used 72207K [0x0000000703200000, 0x0000000800000000)
  region size 2048K, 20 young (40960K), 3 survivors (6144K)
 Metaspace       used 78280K, committed 78848K, reserved 1122304K
  class space    used 10684K, committed 10944K, reserved 1048576K
}
Event: 48.211 GC heap after
{Heap after GC invocations=20 (full 0):
 garbage-first heap   total 96256K, used 42206K [0x0000000703200000, 0x0000000800000000)
  region size 2048K, 3 young (6144K), 3 survivors (6144K)
 Metaspace       used 78280K, committed 78848K, reserved 1122304K
  class space    used 10684K, committed 10944K, reserved 1048576K
}
Event: 49.316 GC heap before
{Heap before GC invocations=20 (full 0):
 garbage-first heap   total 96256K, used 74974K [0x0000000703200000, 0x0000000800000000)
  region size 2048K, 20 young (40960K), 3 survivors (6144K)
 Metaspace       used 79909K, committed 80448K, reserved 1122304K
  class space    used 10877K, committed 11136K, reserved 1048576K
}
Event: 49.327 GC heap after
{Heap after GC invocations=21 (full 0):
 garbage-first heap   total 96256K, used 44196K [0x0000000703200000, 0x0000000800000000)
  region size 2048K, 3 young (6144K), 3 survivors (6144K)
 Metaspace       used 79909K, committed 80448K, reserved 1122304K
  class space    used 10877K, committed 11136K, reserved 1048576K
}
Event: 50.319 GC heap before
{Heap before GC invocations=21 (full 0):
 garbage-first heap   total 96256K, used 76964K [0x0000000703200000, 0x0000000800000000)
  region size 2048K, 19 young (38912K), 3 survivors (6144K)
 Metaspace       used 81638K, committed 82240K, reserved 1122304K
  class space    used 11088K, committed 11392K, reserved 1048576K
}
Event: 50.325 GC heap after
{Heap after GC invocations=22 (full 0):
 garbage-first heap   total 96256K, used 46887K [0x0000000703200000, 0x0000000800000000)
  region size 2048K, 3 young (6144K), 3 survivors (6144K)
 Metaspace       used 81638K, committed 82240K, reserved 1122304K
  class space    used 11088K, committed 11392K, reserved 1048576K
}
Event: 52.122 GC heap before
{Heap before GC invocations=22 (full 0):
 garbage-first heap   total 96256K, used 77607K [0x0000000703200000, 0x0000000800000000)
  region size 2048K, 18 young (36864K), 3 survivors (6144K)
 Metaspace       used 83103K, committed 83648K, reserved 1122304K
  class space    used 11333K, committed 11584K, reserved 1048576K
}
Event: 52.136 GC heap after
{Heap after GC invocations=23 (full 0):
 garbage-first heap   total 96256K, used 49093K [0x0000000703200000, 0x0000000800000000)
  region size 2048K, 3 young (6144K), 3 survivors (6144K)
 Metaspace       used 83103K, committed 83648K, reserved 1122304K
  class space    used 11333K, committed 11584K, reserved 1048576K
}
Event: 53.619 GC heap before
{Heap before GC invocations=23 (full 0):
 garbage-first heap   total 96256K, used 77765K [0x0000000703200000, 0x0000000800000000)
  region size 2048K, 17 young (34816K), 3 survivors (6144K)
 Metaspace       used 83906K, committed 84480K, reserved 1122304K
  class space    used 11463K, committed 11712K, reserved 1048576K
}
Event: 53.626 GC heap after
{Heap after GC invocations=24 (full 0):
 garbage-first heap   total 96256K, used 50921K [0x0000000703200000, 0x0000000800000000)
  region size 2048K, 3 young (6144K), 3 survivors (6144K)
 Metaspace       used 83906K, committed 84480K, reserved 1122304K
  class space    used 11463K, committed 11712K, reserved 1048576K
}
Event: 54.752 GC heap before
{Heap before GC invocations=25 (full 0):
 garbage-first heap   total 96256K, used 77545K [0x0000000703200000, 0x0000000800000000)
  region size 2048K, 16 young (32768K), 3 survivors (6144K)
 Metaspace       used 84338K, committed 84864K, reserved 1122304K
  class space    used 11585K, committed 11840K, reserved 1048576K
}
Event: 54.757 GC heap after
{Heap after GC invocations=26 (full 0):
 garbage-first heap   total 96256K, used 52412K [0x0000000703200000, 0x0000000800000000)
  region size 2048K, 2 young (4096K), 2 survivors (4096K)
 Metaspace       used 84338K, committed 84864K, reserved 1122304K
  class space    used 11585K, committed 11840K, reserved 1048576K
}
Event: 55.623 GC heap before
{Heap before GC invocations=26 (full 0):
 garbage-first heap   total 96256K, used 76988K [0x0000000703200000, 0x0000000800000000)
  region size 2048K, 14 young (28672K), 2 survivors (4096K)
 Metaspace       used 85429K, committed 86016K, reserved 1130496K
  class space    used 11764K, committed 12032K, reserved 1048576K
}
Event: 55.629 GC heap after
{Heap after GC invocations=27 (full 0):
 garbage-first heap   total 96256K, used 53850K [0x0000000703200000, 0x0000000800000000)
  region size 2048K, 2 young (4096K), 2 survivors (4096K)
 Metaspace       used 85429K, committed 86016K, reserved 1130496K
  class space    used 11764K, committed 12032K, reserved 1048576K
}
Event: 57.483 GC heap before
{Heap before GC invocations=28 (full 0):
 garbage-first heap   total 96256K, used 78426K [0x0000000703200000, 0x0000000800000000)
  region size 2048K, 14 young (28672K), 2 survivors (4096K)
 Metaspace       used 86147K, committed 86720K, reserved 1130496K
  class space    used 11862K, committed 12160K, reserved 1048576K
}
Event: 57.490 GC heap after
{Heap after GC invocations=29 (full 0):
 garbage-first heap   total 96256K, used 55522K [0x0000000703200000, 0x0000000800000000)
  region size 2048K, 2 young (4096K), 2 survivors (4096K)
 Metaspace       used 86147K, committed 86720K, reserved 1130496K
  class space    used 11862K, committed 12160K, reserved 1048576K
}
Event: 58.810 GC heap before
{Heap before GC invocations=29 (full 0):
 garbage-first heap   total 96256K, used 78050K [0x0000000703200000, 0x0000000800000000)
  region size 2048K, 13 young (26624K), 2 survivors (4096K)
 Metaspace       used 88888K, committed 89472K, reserved 1130496K
  class space    used 12279K, committed 12544K, reserved 1048576K
}
Event: 58.818 GC heap after
{Heap after GC invocations=30 (full 0):
 garbage-first heap   total 96256K, used 57588K [0x0000000703200000, 0x0000000800000000)
  region size 2048K, 2 young (4096K), 2 survivors (4096K)
 Metaspace       used 88888K, committed 89472K, reserved 1130496K
  class space    used 12279K, committed 12544K, reserved 1048576K
}

Deoptimization events (20 events):
Event: 58.528 Thread 0x000002615a56d0e0 DEOPT PACKING pc=0x00000261698e5d08 sp=0x000000b996bfbfd0
Event: 58.528 Thread 0x000002615a56d0e0 DEOPT UNPACKING pc=0x00000261693323a3 sp=0x000000b996bfbed8 mode 2
Event: 58.528 Thread 0x000002615a56d0e0 Uncommon trap: trap_request=0xffffff45 fr.pc=0x00000261698c0e80 relative=0x0000000000000260
Event: 58.528 Thread 0x000002615a56d0e0 Uncommon trap: reason=unstable_if action=reinterpret pc=0x00000261698c0e80 method=java.lang.String.startsWith(Ljava/lang/String;I)Z @ 50 c2
Event: 58.528 Thread 0x000002615a56d0e0 DEOPT PACKING pc=0x00000261698c0e80 sp=0x000000b996bfbf60
Event: 58.528 Thread 0x000002615a56d0e0 DEOPT UNPACKING pc=0x00000261693323a3 sp=0x000000b996bfbed8 mode 2
Event: 58.529 Thread 0x000002615a56d0e0 Uncommon trap: trap_request=0xffffff45 fr.pc=0x000002616989e758 relative=0x00000000000001b8
Event: 58.529 Thread 0x000002615a56d0e0 Uncommon trap: reason=unstable_if action=reinterpret pc=0x000002616989e758 method=java.lang.StringCoding.hasNegatives([BII)Z @ 12 c2
Event: 58.529 Thread 0x000002615a56d0e0 DEOPT PACKING pc=0x000002616989e758 sp=0x000000b996bfb8b0
Event: 58.529 Thread 0x000002615a56d0e0 DEOPT UNPACKING pc=0x00000261693323a3 sp=0x000000b996bfb860 mode 2
Event: 58.536 Thread 0x000002615a56d0e0 Uncommon trap: trap_request=0xffffff45 fr.pc=0x0000026169941ad4 relative=0x00000000000001d4
Event: 58.536 Thread 0x000002615a56d0e0 Uncommon trap: reason=unstable_if action=reinterpret pc=0x0000026169941ad4 method=java.lang.String.indexOf(Ljava/lang/String;)I @ 10 c2
Event: 58.536 Thread 0x000002615a56d0e0 DEOPT PACKING pc=0x0000026169941ad4 sp=0x000000b996bfbf90
Event: 58.536 Thread 0x000002615a56d0e0 DEOPT UNPACKING pc=0x00000261693323a3 sp=0x000000b996bfbf20 mode 2
Event: 58.545 Thread 0x000002615a56d0e0 Uncommon trap: trap_request=0xffffff45 fr.pc=0x000002616988b29c relative=0x000000000000019c
Event: 58.545 Thread 0x000002615a56d0e0 Uncommon trap: reason=unstable_if action=reinterpret pc=0x000002616988b29c method=java.lang.String.isLatin1()Z @ 10 c2
Event: 58.546 Thread 0x000002615a56d0e0 DEOPT PACKING pc=0x000002616988b29c sp=0x000000b996bfbf00
Event: 58.546 Thread 0x000002615a56d0e0 DEOPT UNPACKING pc=0x00000261693323a3 sp=0x000000b996bfbe30 mode 2
Event: 58.863 Thread 0x000002615a56d0e0 DEOPT PACKING pc=0x0000026162b573d6 sp=0x000000b996bfbd80
Event: 58.863 Thread 0x000002615a56d0e0 DEOPT UNPACKING pc=0x0000026169332b43 sp=0x000000b996bfb208 mode 0

Classes unloaded (0 events):
No events

Classes redefined (0 events):
No events

Internal exceptions (20 events):
Event: 49.824 Thread 0x000002615a56d0e0 Implicit null exception at 0x00000261698e290f to 0x00000261698e2d98
Event: 50.387 Thread 0x000002615a56d0e0 Exception <a 'java/lang/IncompatibleClassChangeError'{0x0000000712f93bf8}: Found class java.lang.Object, but interface was expected> (0x0000000712f93bf8) 
thrown [s\open\src\hotspot\share\interpreter\linkResolver.cpp, line 826]
Event: 50.387 Thread 0x000002615a56d0e0 Exception <a 'java/lang/IncompatibleClassChangeError'{0x0000000712f9a158}: Found class java.lang.Object, but interface was expected> (0x0000000712f9a158) 
thrown [s\open\src\hotspot\share\interpreter\linkResolver.cpp, line 826]
Event: 50.388 Thread 0x000002615a56d0e0 Exception <a 'java/lang/IncompatibleClassChangeError'{0x0000000712fa03b8}: Found class java.lang.Object, but interface was expected> (0x0000000712fa03b8) 
thrown [s\open\src\hotspot\share\interpreter\linkResolver.cpp, line 826]
Event: 50.508 Thread 0x000002615a56d0e0 Exception <a 'java/lang/NoSuchMethodError'{0x000000070a525d40}: 'double java.lang.invoke.DirectMethodHandle$Holder.invokeVirtual(java.lang.Object, java.lang.Object)'> (0x000000070a525d40) 
thrown [s\open\src\hotspot\share\interpreter\linkResolver.cpp, line 759]
Event: 51.064 Thread 0x000002615a56d0e0 Exception <a 'java/lang/IncompatibleClassChangeError'{0x000000070780b010}: Found class java.lang.Object, but interface was expected> (0x000000070780b010) 
thrown [s\open\src\hotspot\share\interpreter\linkResolver.cpp, line 826]
Event: 51.185 Thread 0x000002615a56d0e0 Exception <a 'java/lang/NoSuchMethodError'{0x00000007077a19e8}: 'java.lang.Object java.lang.invoke.DirectMethodHandle$Holder.newInvokeSpecial(java.lang.Object, java.lang.Object, java.lang.Object, java.lang.Object, java.lang.Object, java.lang.Object, java.lang.Object, java.lang.Object, java.lang.Object)'> (0x00000007077a19e8) 
thrown [s\open\src\hotspot\share\interpreter\linkResolver.cpp, line 759]
Event: 51.186 Thread 0x000002615a56d0e0 Exception <a 'java/lang/NoSuchMethodError'{0x00000007077a6698}: 'java.lang.Object java.lang.invoke.Invokers$Holder.linkToTargetMethod(java.lang.Object, java.lang.Object, java.lang.Object, java.lang.Object, java.lang.Object, java.lang.Object, java.lang.Object, java.lang.Object, java.lang.Object)'> (0x00000007077a6698) 
thrown [s\open\src\hotspot\share\interpreter\linkResolver.cpp, line 759]
Event: 54.669 Thread 0x000002615a56d0e0 Implicit null exception at 0x0000026169b13d33 to 0x0000026169b17e25
Event: 54.721 Thread 0x000002615a56d0e0 Exception <a 'java/lang/NoSuchMethodError'{0x000000070775b1e8}: 'void java.lang.invoke.DirectMethodHandle$Holder.invokeSpecial(java.lang.Object, java.lang.Object, int)'> (0x000000070775b1e8) 
thrown [s\open\src\hotspot\share\interpreter\linkResolver.cpp, line 759]
Event: 54.726 Thread 0x000002615a56d0e0 Exception <a 'java/lang/NoSuchMethodError'{0x0000000707774af0}: 'void java.lang.invoke.DirectMethodHandle$Holder.invokeSpecial(java.lang.Object, java.lang.Object, long)'> (0x0000000707774af0) 
thrown [s\open\src\hotspot\share\interpreter\linkResolver.cpp, line 759]
Event: 55.119 Thread 0x000002615a56d0e0 Exception <a 'java/lang/NoSuchMethodError'{0x000000070851bc50}: 'double java.lang.invoke.DirectMethodHandle$Holder.invokeStatic(java.lang.Object, java.lang.Object)'> (0x000000070851bc50) 
thrown [s\open\src\hotspot\share\interpreter\linkResolver.cpp, line 759]
Event: 55.127 Thread 0x000002615a56d0e0 Exception <a 'java/lang/NoSuchMethodError'{0x0000000708550698}: 'int java.lang.invoke.DirectMethodHandle$Holder.invokeStatic(java.lang.Object, java.lang.Object, java.lang.Object, java.lang.Object, java.lang.Object)'> (0x0000000708550698) 
thrown [s\open\src\hotspot\share\interpreter\linkResolver.cpp, line 759]
Event: 55.463 Thread 0x000002615a56d0e0 Exception <a 'java/lang/IncompatibleClassChangeError'{0x0000000707fad780}: Found class java.lang.Object, but interface was expected> (0x0000000707fad780) 
thrown [s\open\src\hotspot\share\interpreter\linkResolver.cpp, line 826]
Event: 55.561 Thread 0x000002615a56d0e0 Implicit null exception at 0x0000026169abdfba to 0x0000026169abe1c0
Event: 55.694 Thread 0x000002617e6530e0 Exception <a 'java/lang/NoSuchMethodError'{0x0000000712e99900}: 'long java.lang.invoke.DirectMethodHandle$Holder.invokeStatic(java.lang.Object, java.lang.Object, java.lang.Object)'> (0x0000000712e99900) 
thrown [s\open\src\hotspot\share\interpreter\linkResolver.cpp, line 759]
Event: 57.663 Thread 0x000002615a56d0e0 Exception <a 'java/lang/NoSuchMethodError'{0x000000070872ddd8}: 'void java.lang.invoke.DirectMethodHandle$Holder.invokeStatic(java.lang.Object, java.lang.Object, double)'> (0x000000070872ddd8) 
thrown [s\open\src\hotspot\share\interpreter\linkResolver.cpp, line 759]
Event: 57.682 Thread 0x000002615a56d0e0 Exception <a 'java/lang/NoSuchMethodError'{0x0000000708778a20}: 'double java.lang.invoke.DirectMethodHandle$Holder.invokeStatic(java.lang.Object, java.lang.Object, java.lang.Object)'> (0x0000000708778a20) 
thrown [s\open\src\hotspot\share\interpreter\linkResolver.cpp, line 759]
Event: 57.757 Thread 0x000002615a56d0e0 Exception <a 'java/lang/IncompatibleClassChangeError'{0x000000070846a948}: Found class java.lang.Object, but interface was expected> (0x000000070846a948) 
thrown [s\open\src\hotspot\share\interpreter\linkResolver.cpp, line 826]
Event: 57.803 Thread 0x000002615a56d0e0 Exception <a 'java/lang/NoSuchMethodError'{0x00000007084b4e28}: 'java.lang.Object java.lang.invoke.DirectMethodHandle$Holder.newInvokeSpecial(java.lang.Object, java.lang.Object, int, java.lang.Object, java.lang.Object)'> (0x00000007084b4e28) 
thrown [s\open\src\hotspot\share\interpreter\linkResolver.cpp, line 759]

VM Operations (20 events):
Event: 54.757 Executing VM operation: G1CollectForAllocation done
Event: 55.040 Executing VM operation: HandshakeAllThreads
Event: 55.040 Executing VM operation: HandshakeAllThreads done
Event: 55.623 Executing VM operation: G1CollectForAllocation
Event: 55.629 Executing VM operation: G1CollectForAllocation done
Event: 55.710 Executing VM operation: G1Concurrent
Event: 55.736 Executing VM operation: G1Concurrent done
Event: 55.766 Executing VM operation: G1Concurrent
Event: 55.778 Executing VM operation: G1Concurrent done
Event: 56.791 Executing VM operation: Cleanup
Event: 56.791 Executing VM operation: Cleanup done
Event: 57.483 Executing VM operation: G1CollectForAllocation
Event: 57.490 Executing VM operation: G1CollectForAllocation done
Event: 57.694 Executing VM operation: HandshakeAllThreads
Event: 57.694 Executing VM operation: HandshakeAllThreads done
Event: 58.708 Executing VM operation: Cleanup
Event: 58.709 Executing VM operation: Cleanup done
Event: 58.809 Executing VM operation: G1CollectForAllocation
Event: 58.818 Executing VM operation: G1CollectForAllocation done
Event: 58.902 Executing VM operation: G1Concurrent

Events (20 events):
Event: 58.366 Thread 0x000002610190a7b0 Thread added: 0x000002610190a7b0
Event: 58.464 Thread 0x000002610190bfc0 Thread added: 0x000002610190bfc0
Event: 58.498 loading class javax/net/ssl/SSLHandshakeException
Event: 58.498 loading class javax/net/ssl/SSLHandshakeException done
Event: 58.504 loading class javax/net/ssl/SSLPeerUnverifiedException
Event: 58.505 loading class javax/net/ssl/SSLPeerUnverifiedException done
Event: 58.703 loading class java/net/ConnectException
Event: 58.704 loading class java/net/ConnectException done
Event: 58.704 loading class java/net/NoRouteToHostException
Event: 58.704 loading class java/net/NoRouteToHostException done
Event: 58.720 loading class java/util/zip/GZIPInputStream
Event: 58.720 loading class java/util/zip/GZIPInputStream done
Event: 58.745 loading class javax/net/ssl/SSLSocketFactory$DefaultFactoryHolder
Event: 58.745 loading class javax/net/ssl/SSLSocketFactory$DefaultFactoryHolder done
Event: 58.746 loading class javax/net/ssl/SSLSocketFactory$1
Event: 58.746 loading class javax/net/ssl/SSLSocketFactory$1 done
Event: 58.882 loading class java/util/concurrent/ArrayBlockingQueue
Event: 58.883 loading class java/util/concurrent/ArrayBlockingQueue done
Event: 58.883 loading class java/util/concurrent/ArrayBlockingQueue$Itr
Event: 58.884 loading class java/util/concurrent/ArrayBlockingQueue$Itr done


Dynamic libraries:
0x00007ff713070000 - 0x00007ff713080000 	C:\Program Files\Java\jdk-17\bin\java.exe
0x00007fff3b4b0000 - 0x00007fff3b6a8000 	C:\Windows\SYSTEM32\ntdll.dll
0x00007fff39890000 - 0x00007fff39952000 	C:\Windows\System32\KERNEL32.DLL
0x00007fff38ff0000 - 0x00007fff392ef000 	C:\Windows\System32\KERNELBASE.dll
0x000000005c620000 - 0x000000005c6be000 	C:\ProgramData\Symantec\Symantec Endpoint Protection\14.3.10148.8000.105\Data\Sysfer\x64\sysfer.dll
0x00007fff392f0000 - 0x00007fff393f0000 	C:\Windows\System32\ucrtbase.dll
0x00007fff35430000 - 0x00007fff35449000 	C:\Program Files\Java\jdk-17\bin\jli.dll
0x00007fff3b010000 - 0x00007fff3b0c1000 	C:\Windows\System32\ADVAPI32.dll
0x00007fff39960000 - 0x00007fff399fe000 	C:\Windows\System32\msvcrt.dll
0x00007fff3a9a0000 - 0x00007fff3aa3f000 	C:\Windows\System32\sechost.dll
0x00007fff35410000 - 0x00007fff3542b000 	C:\Program Files\Java\jdk-17\bin\VCRUNTIME140.dll
0x00007fff3b0d0000 - 0x00007fff3b1f3000 	C:\Windows\System32\RPCRT4.dll
0x00007fff39490000 - 0x00007fff394b7000 	C:\Windows\System32\bcrypt.dll
0x00007fff3a640000 - 0x00007fff3a7dd000 	C:\Windows\System32\USER32.dll
0x00007fff38f30000 - 0x00007fff38f52000 	C:\Windows\System32\win32u.dll
0x00007fff3a910000 - 0x00007fff3a93b000 	C:\Windows\System32\GDI32.dll
0x00007fff24490000 - 0x00007fff2472a000 	C:\Windows\WinSxS\amd64_microsoft.windows.common-controls_6595b64144ccf1df_6.0.19041.4355_none_60b8b9eb71f62e16\COMCTL32.dll
0x00007fff38bb0000 - 0x00007fff38cc7000 	C:\Windows\System32\gdi32full.dll
0x00007fff393f0000 - 0x00007fff3948d000 	C:\Windows\System32\msvcp_win.dll
0x00007fff30710000 - 0x00007fff3071a000 	C:\Windows\SYSTEM32\VERSION.dll
0x00007fff3aa40000 - 0x00007fff3aa6f000 	C:\Windows\System32\IMM32.DLL
0x00007fff35460000 - 0x00007fff3546c000 	C:\Program Files\Java\jdk-17\bin\vcruntime140_1.dll
0x00007fff1b730000 - 0x00007fff1b7be000 	C:\Program Files\Java\jdk-17\bin\msvcp140.dll
0x00007fff1e4f0000 - 0x00007fff1f0cd000 	C:\Program Files\Java\jdk-17\bin\server\jvm.dll
0x00007fff39820000 - 0x00007fff39828000 	C:\Windows\System32\PSAPI.DLL
0x00007fff1dc10000 - 0x00007fff1dc19000 	C:\Windows\SYSTEM32\WSOCK32.dll
0x00007fff39a00000 - 0x00007fff39a6b000 	C:\Windows\System32\WS2_32.dll
0x00007fff2db40000 - 0x00007fff2db67000 	C:\Windows\SYSTEM32\WINMM.dll
0x00007fff367c0000 - 0x00007fff367d2000 	C:\Windows\SYSTEM32\kernel.appcore.dll
0x00007fff1f6b0000 - 0x00007fff1f6ba000 	C:\Program Files\Java\jdk-17\bin\jimage.dll
0x00007fff20f00000 - 0x00007fff210e4000 	C:\Windows\SYSTEM32\DBGHELP.DLL
0x00007fff1fb00000 - 0x00007fff1fb34000 	C:\Windows\SYSTEM32\dbgcore.DLL
0x00007fff38f60000 - 0x00007fff38fe2000 	C:\Windows\System32\bcryptPrimitives.dll
0x00007fff313c0000 - 0x00007fff313ce000 	C:\Program Files\Java\jdk-17\bin\instrument.dll
0x00007fff1d2f0000 - 0x00007fff1d315000 	C:\Program Files\Java\jdk-17\bin\java.dll
0x00007fff1abf0000 - 0x00007fff1acc7000 	C:\Program Files\Java\jdk-17\bin\jsvml.dll
0x00007fff39ec0000 - 0x00007fff3a62e000 	C:\Windows\System32\SHELL32.dll
0x00007fff369c0000 - 0x00007fff37164000 	C:\Windows\SYSTEM32\windows.storage.dll
0x00007fff394c0000 - 0x00007fff39815000 	C:\Windows\System32\combase.dll
0x00007fff38490000 - 0x00007fff384bf000 	C:\Windows\SYSTEM32\Wldp.dll
0x00007fff39c10000 - 0x00007fff39cdd000 	C:\Windows\System32\OLEAUT32.dll
0x00007fff3a860000 - 0x00007fff3a90d000 	C:\Windows\System32\SHCORE.dll
0x00007fff39a70000 - 0x00007fff39ac5000 	C:\Windows\System32\shlwapi.dll
0x00007fff38a70000 - 0x00007fff38a94000 	C:\Windows\SYSTEM32\profapi.dll
0x00007fff1ab40000 - 0x00007fff1ab58000 	C:\Program Files\Java\jdk-17\bin\zip.dll
0x00007fff1ae20000 - 0x00007fff1ae39000 	C:\Program Files\Java\jdk-17\bin\net.dll
0x00007fff32500000 - 0x00007fff3260d000 	C:\Windows\SYSTEM32\WINHTTP.dll
0x00007fff38270000 - 0x00007fff382da000 	C:\Windows\system32\mswsock.dll
0x00007fff1ad10000 - 0x00007fff1ad26000 	C:\Program Files\Java\jdk-17\bin\nio.dll
0x00007fff37f70000 - 0x00007fff3803a000 	C:\Windows\SYSTEM32\DNSAPI.dll
0x00007fff37f20000 - 0x00007fff37f5b000 	C:\Windows\SYSTEM32\IPHLPAPI.DLL
0x00007fff3b2b0000 - 0x00007fff3b2b8000 	C:\Windows\System32\NSI.dll
0x00007fff313b0000 - 0x00007fff313ba000 	C:\Windows\System32\rasadhlp.dll
0x00007fff33460000 - 0x00007fff334e0000 	C:\Windows\System32\fwpuclnt.dll
0x00007fff335c0000 - 0x00007fff335d7000 	C:\Windows\SYSTEM32\dhcpcsvc6.DLL
0x00007fff335a0000 - 0x00007fff335bd000 	C:\Windows\SYSTEM32\dhcpcsvc.DLL
0x00007fff0b370000 - 0x00007fff0b37d000 	C:\Program Files\Java\jdk-17\bin\sunmscapi.dll
0x00007fff38cd0000 - 0x00007fff38e2c000 	C:\Windows\System32\CRYPT32.dll
0x00007fff385e0000 - 0x00007fff38607000 	C:\Windows\SYSTEM32\ncrypt.dll
0x00007fff385a0000 - 0x00007fff385db000 	C:\Windows\SYSTEM32\NTASN1.dll
0x00007fff384d0000 - 0x00007fff384e8000 	C:\Windows\SYSTEM32\CRYPTSP.dll
0x00007fff37b40000 - 0x00007fff37b74000 	C:\Windows\system32\rsaenh.dll
0x00007fff38a30000 - 0x00007fff38a5e000 	C:\Windows\SYSTEM32\USERENV.dll
0x00007fff38400000 - 0x00007fff3840c000 	C:\Windows\SYSTEM32\CRYPTBASE.dll
0x00007fff19640000 - 0x00007fff1964a000 	C:\Program Files\Java\jdk-17\bin\management.dll
0x00007fff19630000 - 0x00007fff1963b000 	C:\Program Files\Java\jdk-17\bin\management_ext.dll
0x00007fff2f0d0000 - 0x00007fff2f0e0000 	C:\Program Files\Java\jdk-17\bin\verify.dll

dbghelp: loaded successfully - version: 4.0.5 - missing functions: none
symbol engine: initialized successfully - sym options: 0x614 - pdb path: .;C:\Program Files\Java\jdk-17\bin;C:\Windows\SYSTEM32;C:\ProgramData\Symantec\Symantec Endpoint Protection\14.3.10148.8000.105\Data\Sysfer\x64;C:\Windows\WinSxS\amd64_microsoft.windows.common-controls_6595b64144ccf1df_6.0.19041.4355_none_60b8b9eb71f62e16;C:\Program Files\Java\jdk-17\bin\server

VM Arguments:
jvm_args: -javaagent:C:\Program Files\JetBrains\IntelliJ IDEA Community Edition 2024.3\lib\idea_rt.jar=50071:C:\Program Files\JetBrains\IntelliJ IDEA Community Edition 2024.3/bin -Dfile.encoding=UTF-8 
java_command: com.eazybytes.cards.CardsApplication
java_class_path (initial): C:\Users\meets\section7\cards\target\classes;C:\Users\meets\.m2\repository\org\springframework\boot\spring-boot-starter-actuator\3.3.2\spring-boot-starter-actuator-3.3.2.jar;C:\Users\meets\.m2\repository\org\springframework\boot\spring-boot-starter\3.3.2\spring-boot-starter-3.3.2.jar;C:\Users\meets\.m2\repository\org\springframework\boot\spring-boot\3.3.2\spring-boot-3.3.2.jar;C:\Users\meets\.m2\repository\org\springframework\boot\spring-boot-autoconfigure\3.3.2\spring-boot-autoconfigure-3.3.2.jar;C:\Users\meets\.m2\repository\org\springframework\boot\spring-boot-starter-logging\3.3.2\spring-boot-starter-logging-3.3.2.jar;C:\Users\meets\.m2\repository\ch\qos\logback\logback-classic\1.5.6\logback-classic-1.5.6.jar;C:\Users\meets\.m2\repository\ch\qos\logback\logback-core\1.5.6\logback-core-1.5.6.jar;C:\Users\meets\.m2\repository\org\apache\logging\log4j\log4j-to-slf4j\2.23.1\log4j-to-slf4j-2.23.1.jar;C:\Users\meets\.m2\repository\org\apache\logging\log4j\log4j-api\2.23.1\log4j-api-2.23.1.jar;C:\Users\meets\.m2\repository\org\slf4j\jul-to-slf4j\2.0.13\jul-to-slf4j-2.0.13.jar;C:\Users\meets\.m2\repository\jakarta\annotation\jakarta.annotation-api\2.1.1\jakarta.annotation-api-2.1.1.jar;C:\Users\meets\.m2\repository\org\yaml\snakeyaml\2.2\snakeyaml-2.2.jar;C:\Users\meets\.m2\repository\org\springframework\boot\spring-boot-actuator-autoconfigure\3.3.2\spring-boot-actuator-autoconfigure-3.3.2.jar;C:\Users\meets\.m2\repository\org\springframework\boot\spring-boot-actuator\3.3.2\spring-boot-actuator-3.3.2.jar;C:\Users\meets\.m2\repository\com\fasterxml\jackson\datatype\jackson-datatype-jsr310\2.17.2\jackson-datatype-jsr310-2.17.2.jar;C:\Users\meets\.m2\repository\io\micrometer\micrometer-observation\1.13.2\micrometer-observation-1.13.2.jar;C:\Users\meets\.m2\repository\io\micrometer\micrometer-commons\1.13.2\micrometer-commons-1.13.2.jar;C:\Users\meets\.m2\repository\io\micrometer\micrometer-jakarta9\1.13.2\micrometer-jakarta9-1.13.2.jar;C:\Users
Launcher Type: SUN_STANDARD

[Global flags]
     intx CICompilerCount                          = 4                                         {product} {ergonomic}
     uint ConcGCThreads                            = 2                                         {product} {ergonomic}
     uint G1ConcRefinementThreads                  = 8                                         {product} {ergonomic}
   size_t G1HeapRegionSize                         = 2097152                                   {product} {ergonomic}
    uintx GCDrainStackTargetSize                   = 64                                        {product} {ergonomic}
   size_t InitialHeapSize                          = 266338304                                 {product} {ergonomic}
   size_t MarkStackSize                            = 4194304                                   {product} {ergonomic}
   size_t MaxHeapSize                              = 4242538496                                {product} {ergonomic}
   size_t MaxNewSize                               = 2543845376                                {product} {ergonomic}
   size_t MinHeapDeltaBytes                        = 2097152                                   {product} {ergonomic}
   size_t MinHeapSize                              = 8388608                                   {product} {ergonomic}
    uintx NonNMethodCodeHeapSize                   = 5839372                                {pd product} {ergonomic}
    uintx NonProfiledCodeHeapSize                  = 122909434                              {pd product} {ergonomic}
    uintx ProfiledCodeHeapSize                     = 122909434                              {pd product} {ergonomic}
    uintx ReservedCodeCacheSize                    = 251658240                              {pd product} {ergonomic}
     bool SegmentedCodeCache                       = true                                      {product} {ergonomic}
   size_t SoftMaxHeapSize                          = 4242538496                             {manageable} {ergonomic}
     bool UseCompressedClassPointers               = true                           {product lp64_product} {ergonomic}
     bool UseCompressedOops                        = true                           {product lp64_product} {ergonomic}
     bool UseG1GC                                  = true                                      {product} {ergonomic}
     bool UseLargePagesIndividualAllocation        = false                                  {pd product} {ergonomic}

Logging:
Log output configuration:
 #0: stdout all=warning uptime,level,tags
 #1: stderr all=off uptime,level,tags

Environment Variables:
JAVA_HOME=C:\Program Files\Java\jdk-17
PATH=C:\Python311\Scripts\;C:\Python311\;C:\Program Files\Eclipse Adoptium\jdk-17.0.13.11-hotspot\bin;C:\Windows\system32;C:\Windows;C:\Windows\System32\Wbem;C:\Windows\System32\WindowsPowerShell\v1.0\;C:\Windows\System32\OpenSSH\;C:\Program Files\TortoiseGit\bin;C:\Program Files\PostgreSQL\14\bin;C:\Users\sachint\AppData\Roaming\nvm;C:\Program Files\nodejs;C:\Program Files\nodejs\;C:\Program Files\dotnet\;C:\Program Files\apache-maven-3.9.9\bin;;C:\Program Files\Docker\Docker\resources\bin;C:\Program Files\Java\jdk-17;C:\Windows\system32;C:\Windows;C:\Windows\System32\Wbem;C:\Windows\System32\WindowsPowerShell\v1.0\;C:\Windows\System32\OpenSSH\;C:\Program Files\TortoiseGit\bin;C:\Program Files\nodejs\;C:\Program Files\nodejs;C:\Users\meets\AppData\Local\Microsoft\WindowsApps;C:\Users\meets\AppData\Local\Programs\Git\cmd;C:\Users\meets\AppData\Local\Programs\Microsoft VS Code\bin;C:\Users\meets\AppData\Roaming\npm;;C:\Program Files\JetBrains\IntelliJ IDEA Community Edition 2024.3\bin;
USERNAME=meets
OS=Windows_NT
PROCESSOR_IDENTIFIER=Intel64 Family 6 Model 60 Stepping 3, GenuineIntel



---------------  S Y S T E M  ---------------

OS:
 Windows 10 , 64 bit Build 19041 (10.0.19041.5198)
OS uptime: 0 days 22:03 hours
Hyper-V role detected

CPU: total 8 (initial active 8) (4 cores per cpu, 2 threads per core) family 6 model 60 stepping 3 microcode 0x27, cx8, cmov, fxsr, ht, mmx, sse, sse2, sse3, ssse3, sse4.1, sse4.2, popcnt, lzcnt, tsc, tscinvbit, avx, avx2, aes, erms, clmul, bmi1, bmi2, fma, vzeroupper, clflush, hv

Memory: 4k page, system-wide physical 16179M (413M free)
TotalPageFile size 35257M (AvailPageFile size 6M)
current process WorkingSet (physical memory assigned to process): 344M, peak: 348M
current process commit charge ("private bytes"): 381M, peak: 426M

vm_info: Java HotSpot(TM) 64-Bit Server VM (17.0.7+8-LTS-224) for windows-amd64 JRE (17.0.7+8-LTS-224), built on Feb 28 2023 23:03:02 by "mach5one" with MS VC++ 17.1 (VS2022)

END.
